This is pdfTeX, Version 3.14159265-2.6-1.40.16 (TeX Live 2015) (preloaded format=pdflatex 2015.6.19)  20 OCT 2016 13:14
entering extended mode
 restricted \write18 enabled.
 %&-line parsing enabled.
**0
(./0.tex
LaTeX2e <2015/01/01>
Babel <3.9l> and hyphenation patterns for 79 languages loaded.
(/usr/local/texlive/2014/texmf-dist/tex/latex/base/article.cls
Document Class: article 2014/09/29 v1.4h Standard LaTeX document class
(/usr/local/texlive/2014/texmf-dist/tex/latex/base/size10.clo
File: size10.clo 2014/09/29 v1.4h Standard LaTeX file (size option)
)
\c@part=\count79
\c@section=\count80
\c@subsection=\count81
\c@subsubsection=\count82
\c@paragraph=\count83
\c@subparagraph=\count84
\c@figure=\count85
\c@table=\count86
\abovecaptionskip=\skip41
\belowcaptionskip=\skip42
\bibindent=\dimen102
) (./RR_LaBRI.sty) (./comment.sty
\CommentStream=\write3
 Excluding comment 'comment')
(/usr/local/texlive/2014/texmf-dist/tex/latex/amsfonts/euscript.sty
Package: euscript 2009/06/22 v3.00 Euler Script fonts
LaTeX Font Info:    Overwriting math alphabet `\EuScript' in version `bold'
(Font)                  U/eus/m/n --> U/eus/b/n on input line 33.
)
(/usr/local/texlive/2014/texmf-dist/tex/latex/amsfonts/amssymb.sty
Package: amssymb 2013/01/14 v3.01 AMS font symbols

(/usr/local/texlive/2014/texmf-dist/tex/latex/amsfonts/amsfonts.sty
Package: amsfonts 2013/01/14 v3.01 Basic AMSFonts support
\@emptytoks=\toks14
\symAMSa=\mathgroup4
\symAMSb=\mathgroup5
LaTeX Font Info:    Overwriting math alphabet `\mathfrak' in version `bold'
(Font)                  U/euf/m/n --> U/euf/b/n on input line 106.
))
(/usr/local/texlive/2014/texmf-dist/tex/latex/amsmath/amsmath.sty
Package: amsmath 2013/01/14 v2.14 AMS math features
\@mathmargin=\skip43

For additional information on amsmath, use the `?' option.
(/usr/local/texlive/2014/texmf-dist/tex/latex/amsmath/amstext.sty
Package: amstext 2000/06/29 v2.01

(/usr/local/texlive/2014/texmf-dist/tex/latex/amsmath/amsgen.sty
File: amsgen.sty 1999/11/30 v2.0
\@emptytoks=\toks15
\ex@=\dimen103
))
(/usr/local/texlive/2014/texmf-dist/tex/latex/amsmath/amsbsy.sty
Package: amsbsy 1999/11/29 v1.2d
\pmbraise@=\dimen104
)
(/usr/local/texlive/2014/texmf-dist/tex/latex/amsmath/amsopn.sty
Package: amsopn 1999/12/14 v2.01 operator names
)
\inf@bad=\count87
LaTeX Info: Redefining \frac on input line 210.
\uproot@=\count88
\leftroot@=\count89
LaTeX Info: Redefining \overline on input line 306.
\classnum@=\count90
\DOTSCASE@=\count91
LaTeX Info: Redefining \ldots on input line 378.
LaTeX Info: Redefining \dots on input line 381.
LaTeX Info: Redefining \cdots on input line 466.
\Mathstrutbox@=\box26
\strutbox@=\box27
\big@size=\dimen105
LaTeX Font Info:    Redeclaring font encoding OML on input line 566.
LaTeX Font Info:    Redeclaring font encoding OMS on input line 567.
\macc@depth=\count92
\c@MaxMatrixCols=\count93
\dotsspace@=\muskip10
\c@parentequation=\count94
\dspbrk@lvl=\count95
\tag@help=\toks16
\row@=\count96
\column@=\count97
\maxfields@=\count98
\andhelp@=\toks17
\eqnshift@=\dimen106
\alignsep@=\dimen107
\tagshift@=\dimen108
\tagwidth@=\dimen109
\totwidth@=\dimen110
\lineht@=\dimen111
\@envbody=\toks18
\multlinegap=\skip44
\multlinetaggap=\skip45
\mathdisplay@stack=\toks19
LaTeX Info: Redefining \[ on input line 2665.
LaTeX Info: Redefining \] on input line 2666.
)
(/usr/local/texlive/2014/texmf-dist/tex/latex/amscls/amsthm.sty
Package: amsthm 2015/03/04 v2.20.2
\thm@style=\toks20
\thm@bodyfont=\toks21
\thm@headfont=\toks22
\thm@notefont=\toks23
\thm@headpunct=\toks24
\thm@preskip=\skip46
\thm@postskip=\skip47
\thm@headsep=\skip48
\dth@everypar=\toks25
)
(./diagrams.sty
==================================================================
<Paul Taylor's commutative diagrams - version 3.95, December 2014>
Package: diagrams 2014/12/31 v3.94 Paul Taylor's commutative diagrams
\CD@uA=\count99
\CD@vA=\count100
\CD@wA=\count101
\CD@xA=\count102
\CD@OA=\dimen112
\CD@PA=\dimen113
\CD@RA=\dimen114
\CD@SA=\dimen115
\CD@yA=\count103
\CD@zA=\count104
\CD@QA=\dimen116
\CD@DA=\box28
\CD@LH=\count105
\CD@TC=\count106
\CD@XH=\dimen117
\CD@zC=\dimen118
\CD@@I=\dimen119
\CD@LF=\dimen120
\CD@oI=\dimen121
\CD@DC=\dimen122
\CD@eJ=\dimen123
\PileSpacing=\dimen124
\CD@nA=\dimen125
\CD@YB=\dimen126
\DiagramCellHeight=\dimen127
\DiagramCellWidth=\dimen128
\MapShortFall=\dimen129
\CD@iA=\dimen130
\rh+:>=\box29
\rt+:<=\box30
\dh+:>=\box31
\dt+:<=\box32
\rt+:>=\box33
\rh+:<=\box34
\dt+:>=\box35
\dh+:<=\box36
\CD@VE=\toks26
\CD@SE=\toks27
\CD@VA=\count107
\CD@ME=\toks28
\CD@XE=\toks29
\CD@RE=\toks30
\CD@TE=\toks31
\CD@QE=\toks32
\CD@WE=\toks33
\CD@OE=\toks34
\CD@PE=\toks35
\CD@NE=\toks36
\CD@UE=\toks37
\CD@CA=\count108
\CD@XB=\count109
\CD@NB=\count110
\CD@FA=\count111
\CD@lA=\count112
\CD@MB=\count113
\CD@GB=\count114
\CD@KG=\box37
\CD@IG=\box38
\DiagonalChoice=\count115
\objectheight=\dimen131
\objectwidth=\dimen132
\CD@NA=\toks38
\CD@xI=\toks39
\CD@lH=\toks40
\CD@hD=\toks41
\CD@hH=\toks42
LaTeX Font Info:    Try loading font information for U+msa on input line 1876.

(/usr/local/texlive/2014/texmf-dist/tex/latex/amsfonts/umsa.fd
File: umsa.fd 2013/01/14 v3.01 AMS symbols A
)
LaTeX Font Info:    Try loading font information for U+msb on input line 1876.

(/usr/local/texlive/2014/texmf-dist/tex/latex/amsfonts/umsb.fd
File: umsb.fd 2013/01/14 v3.01 AMS symbols B
)
| running in pdf mode -- diagonal arrows will work automatically |
===================================================================)
(/usr/local/texlive/2014/texmf-dist/tex/generic/xypic/xy.sty
(/usr/local/texlive/2014/texmf-dist/tex/generic/xypic/xy.tex Bootstrap'ing:
catcodes, docmode,
(/usr/local/texlive/2014/texmf-dist/tex/generic/xypic/xyrecat.tex)
(/usr/local/texlive/2014/texmf-dist/tex/generic/xypic/xyidioms.tex)

 Xy-pic version 3.8.9 <2013/10/06>
 Copyright (c) 1991-2013 by Kristoffer H. Rose <krisrose@tug.org> and others
 Xy-pic is free software: see the User's Guide for details.

Loading kernel: messages; fonts; allocations: state,
\X@c=\dimen133
\Y@c=\dimen134
\U@c=\dimen135
\D@c=\dimen136
\L@c=\dimen137
\R@c=\dimen138
\Edge@c=\toks43
\X@p=\dimen139
\Y@p=\dimen140
\U@p=\dimen141
\D@p=\dimen142
\L@p=\dimen143
\R@p=\dimen144
\Edge@p=\toks44
\X@origin=\dimen145
\Y@origin=\dimen146
\X@xbase=\dimen147
\Y@xbase=\dimen148
\X@ybase=\dimen149
\Y@ybase=\dimen150
\X@min=\dimen151
\Y@min=\dimen152
\X@max=\dimen153
\Y@max=\dimen154
\lastobjectbox@=\box39
\zerodotbox@=\box40
\almostz@=\dimen155
 direction,
\d@X=\dimen156
\d@Y=\dimen157
\K@=\count116
\KK@=\count117
\Direction=\count118
\K@dXdY=\dimen158
\K@dYdX=\dimen159
\xyread@=\read1
\xywrite@=\write4
\csp@=\count119
\quotPTK@=\dimen160

utility macros; pictures: \xy, positions,
\swaptoks@@=\toks45
\connectobjectbox@@=\box41
 objects,

Xy-pic Warning: `\objectstyle' redefined.


Xy-pic Warning: `\objectwidth' redefined.


Xy-pic Warning: `\objectheight' redefined.

\styletoks@=\toks46
decorations; kernel objects: directionals, circles, text; options;
algorithms: directions, edges, connections;  Xy-pic loaded)
(/usr/local/texlive/2014/texmf-dist/tex/generic/oberdiek/ifpdf.sty
Package: ifpdf 2011/01/30 v2.3 Provides the ifpdf switch (HO)
Package ifpdf Info: pdfTeX in PDF mode is detected.
)
Package: xy 2013/10/06 Xy-pic version 3.8.9

(/usr/local/texlive/2014/texmf-dist/tex/generic/xypic/xyall.tex
 Xy-pic option: All features v.3.8
(/usr/local/texlive/2014/texmf-dist/tex/generic/xypic/xycurve.tex
 Xy-pic option: Curve and Spline extension v.3.12 curve,
\crv@cnt@=\count120
\crvpts@=\toks47
\splinebox@=\box42
\splineval@=\dimen161
\splinedepth@=\dimen162
\splinetol@=\dimen163
\splinelength@=\dimen164
 circles,
\L@=\dimen165
 loaded)
(/usr/local/texlive/2014/texmf-dist/tex/generic/xypic/xyframe.tex
 Xy-pic option: Frame and Bracket extension v.3.14 loaded)
(/usr/local/texlive/2014/texmf-dist/tex/generic/xypic/xycmtip.tex
 Xy-pic option: Computer Modern tip extension v.3.7
(/usr/local/texlive/2014/texmf-dist/tex/generic/xypic/xytips.tex
 Xy-pic option: More Tips extension v.3.11 loaded) loaded)
(/usr/local/texlive/2014/texmf-dist/tex/generic/xypic/xyline.tex
 Xy-pic option: Line styles extension v.3.10
\xylinethick@=\dimen166
 loaded)
(/usr/local/texlive/2014/texmf-dist/tex/generic/xypic/xyrotate.tex
 Xy-pic option: Rotate and Scale extension v.3.8 loaded)
(/usr/local/texlive/2014/texmf-dist/tex/generic/xypic/xycolor.tex
 Xy-pic option: Colour extension v.3.11 loaded)
(/usr/local/texlive/2014/texmf-dist/tex/generic/xypic/xymatrix.tex
 Xy-pic option: Matrix feature v.3.14
\Row=\count121
\Col=\count122
\queue@=\toks48
\queue@@=\toks49
\qcount@=\count123
\qcount@@=\count124
\matrixsize@=\count125
 loaded)
(/usr/local/texlive/2014/texmf-dist/tex/generic/xypic/xyarrow.tex
 Xy-pic option: Arrow and Path feature v.3.9 path,

Xy-pic Warning: `\labelstyle' redefined.

\ar, loaded) (/usr/local/texlive/2014/texmf-dist/tex/generic/xypic/xygraph.tex
 Xy-pic option: Graph feature v.3.11 loaded) loaded)
(/usr/local/texlive/2014/texmf-dist/tex/generic/xypic/xypdf.tex
 Xy-pic option: PDF driver v.1.7 Xy-pic pdf driver: `color' extension support
(/usr/local/texlive/2014/texmf-dist/tex/generic/xypic/xypdf-co.tex loaded)
Xy-pic pdf driver: `curve' extension support
(/usr/local/texlive/2014/texmf-dist/tex/generic/xypic/xypdf-cu.tex loaded)
Xy-pic pdf driver: `frame' extension support
(/usr/local/texlive/2014/texmf-dist/tex/generic/xypic/xypdf-fr.tex loaded)
Xy-pic pdf driver: `line' extension support
(/usr/local/texlive/2014/texmf-dist/tex/generic/xypic/xypdf-li.tex loaded)
Xy-pic pdf driver: `rotate' extension support
(/usr/local/texlive/2014/texmf-dist/tex/generic/xypic/xypdf-ro.tex loaded)
loaded)) (./theoremsdefs.sty
\c@thrm=\count126
) (./macros.tex

Xy-pic Warning: Redefining graph <escape> !P [0:103].


Xy-pic Warning: Redefining graph <escape> !E [0:111].

) Excluding comment 'finalita' Include comment 'labripreprint' (./0.aux)
\openout1 = `0.aux'.

LaTeX Font Info:    Checking defaults for OML/cmm/m/it on input line 40.
LaTeX Font Info:    ... okay on input line 40.
LaTeX Font Info:    Checking defaults for T1/cmr/m/n on input line 40.
LaTeX Font Info:    ... okay on input line 40.
LaTeX Font Info:    Checking defaults for OT1/cmr/m/n on input line 40.
LaTeX Font Info:    ... okay on input line 40.
LaTeX Font Info:    Checking defaults for OMS/cmsy/m/n on input line 40.
LaTeX Font Info:    ... okay on input line 40.
LaTeX Font Info:    Checking defaults for OMX/cmex/m/n on input line 40.
LaTeX Font Info:    ... okay on input line 40.
LaTeX Font Info:    Checking defaults for U/cmr/m/n on input line 40.
LaTeX Font Info:    ... okay on input line 40.
Package xypdf Info: Line width: 0.39998pt on input line 40.

(./psfig.sty
\@unused=\write5
\ps@stream=\read2
\p@intvaluex=\dimen167
\p@intvaluey=\dimen168

psfig/tex 1.10-dvips
)
psfig: searching labri-logo-big.ps for bounding box
psfig: including labri-logo-big.ps 

Underfull \hbox (badness 10000) in paragraph at lines 46--46

 []


Underfull \hbox (badness 10000) in paragraph at lines 46--46

 []


Overfull \hbox (96.79134pt too wide) in paragraph at lines 46--46
[]$[]$ 
 []


Overfull \hbox (96.79134pt too wide) in paragraph at lines 46--46
[]$[]$ 
 []

[1


Non-PDF special ignored!
Non-PDF special ignored!
Non-PDF special ignored!{/usr/local/texlive/2014/texmf-var/fonts/map/pdftex/upd
map/pdftex.map}] [0] (./abstract.tex) (./intro.tex [1]
LaTeX Font Info:    Try loading font information for OMS+cmr on input line 50.

(/usr/local/texlive/2014/texmf-dist/tex/latex/base/omscmr.fd
File: omscmr.fd 2014/09/29 v2.5h Standard LaTeX font definitions
)
LaTeX Font Info:    Font shape `OMS/cmr/m/n' in size <10> not available
(Font)              Font shape `OMS/cmsy/m/n' tried instead on input line 50.
 [2]
LaTeX Font Info:    Try loading font information for U+eus on input line 107.

(/usr/local/texlive/2014/texmf-dist/tex/latex/amsfonts/ueus.fd
File: ueus.fd 2013/01/14 v3.01 Euler Script
) [3])
(./preliminaries.tex Including 'labripreprint' comment.
\openout3 = `comment.cut'.


Straight input of comment.cut. (./comment.cut) [4]
Overfull \hbox (1.1321pt too wide) in paragraph at lines 80--92
\OT1/cmr/m/n/10 the col-lec-tion of ob-jects $\OML/cmm/m/it/10 F[]\OT1/cmr/m/n/
10 (\OML/cmm/m/it/10 d\OT1/cmr/m/n/10 )$ into a func-tor so that $\OML/cmm/m/it
/10 ^^_[] \OT1/cmr/m/n/10 : \OML/cmm/m/it/10 F\OT1/cmr/m/n/10 (\OML/cmm/m/it/10
 F[]\OT1/cmr/m/n/10 (\OML/cmm/m/it/10 d\OT1/cmr/m/n/10 )\OML/cmm/m/it/10 ; d\OT
1/cmr/m/n/10 )[]  [] []\OML/cmm/m/it/10 F[]\OT1/cmr/m/n/10 (\OML/cmm/m/it/10 d\
OT1/cmr/m/n/10 )$
 []

Including 'labripreprint' comment.
\openout3 = `comment.cut'.

 Straight input of comment.cut.
(./comment.cut) [5] Including 'labripreprint' comment.
\openout3 = `comment.cut'.


Straight input of comment.cut. (./comment.cut [6])
Including 'labripreprint' comment.
\openout3 = `comment.cut'.

 Straight input of comment.cut.
(./comment.cut [7]) Including 'labripreprint' comment.
\openout3 = `comment.cut'.


Straight input of comment.cut. (./comment.cut)) (./mubicomplete.tex [8]
[9] [10] [11] Excluding 'finalita' comment. Including 'labripreprint' comment.
\openout3 = `comment.cut'.


Straight input of comment.cut. (./comment.cut [12] [13] [14] [15] [16] [17]
[18])) (./parityfunctors.tex [19] [20] [21]

LaTeX Warning: `h' float specifier changed to `ht'.

[22] [23] [24] [25] [26] [27]) (./inset.tex [28] [29] [30] [31] [32] [33]
[34] [35] [36]

LaTeX Warning: `h' float specifier changed to `ht'.

[37]

LaTeX Warning: `h' float specifier changed to `ht'.

[38] [39]) (./conclusions.tex) [40] (./0.bbl [41] [42])
Commutative Diagram: try the PostScript option for better results
[43] (./0.aux)

 *File List*
 article.cls    2014/09/29 v1.4h Standard LaTeX document class
  size10.clo    2014/09/29 v1.4h Standard LaTeX file (size option)
RR_LaBRI.sty    
 comment.sty    
euscript.sty    2009/06/22 v3.00 Euler Script fonts
 amssymb.sty    2013/01/14 v3.01 AMS font symbols
amsfonts.sty    2013/01/14 v3.01 Basic AMSFonts support
 amsmath.sty    2013/01/14 v2.14 AMS math features
 amstext.sty    2000/06/29 v2.01
  amsgen.sty    1999/11/30 v2.0
  amsbsy.sty    1999/11/29 v1.2d
  amsopn.sty    1999/12/14 v2.01 operator names
  amsthm.sty    2015/03/04 v2.20.2
diagrams.sty    2014/12/31 v3.94 Paul Taylor's commutative diagrams
    umsa.fd    2013/01/14 v3.01 AMS symbols A
    umsb.fd    2013/01/14 v3.01 AMS symbols B
      xy.sty    2013/10/06 Xy-pic version 3.8.9
   ifpdf.sty    2011/01/30 v2.3 Provides the ifpdf switch (HO)
  omscmr.fd    2014/09/29 v2.5h Standard LaTeX font definitions
    ueus.fd    2013/01/14 v3.01 Euler Script
 comment.cut
 comment.cut
 comment.cut
 comment.cut
 comment.cut
 comment.cut
       0.bbl
 ***********

 ) 
Here is how much of TeX's memory you used:
 6547 strings out of 493089
 68300 string characters out of 6134848
 200881 words of memory out of 5000000
 9910 multiletter control sequences out of 15000+600000
 25809 words of font info for 105 fonts, out of 8000000 for 9000
 1141 hyphenation exceptions out of 8191
 38i,18n,36p,3208b,1254s stack positions out of 5000i,500n,10000p,200000b,80000s
</usr/local/texlive/2014/texmf-dist/fonts/type1/public/amsfonts/cm/cmbx10.pfb
></usr/local/texlive/2014/texmf-dist/fonts/type1/public/amsfonts/cm/cmbx12.pfb>
</usr/local/texlive/2014/texmf-dist/fonts/type1/public/amsfonts/cm/cmbx5.pfb></
usr/local/texlive/2014/texmf-dist/fonts/type1/public/amsfonts/cm/cmbx7.pfb></us
r/local/texlive/2014/texmf-dist/fonts/type1/public/amsfonts/cm/cmbx9.pfb></usr/
local/texlive/2014/texmf-dist/fonts/type1/public/amsfonts/cm/cmcsc10.pfb></usr/
local/texlive/2014/texmf-dist/fonts/type1/public/amsfonts/cm/cmex10.pfb></usr/l
ocal/texlive/2014/texmf-dist/fonts/type1/public/amsfonts/cmextra/cmex7.pfb></us
r/local/texlive/2014/texmf-dist/fonts/type1/public/amsfonts/cm/cmmi10.pfb></usr
/local/texlive/2014/texmf-dist/fonts/type1/public/amsfonts/cm/cmmi12.pfb></usr/
local/texlive/2014/texmf-dist/fonts/type1/public/amsfonts/cm/cmmi5.pfb></usr/lo
cal/texlive/2014/texmf-dist/fonts/type1/public/amsfonts/cm/cmmi7.pfb></usr/loca
l/texlive/2014/texmf-dist/fonts/type1/public/amsfonts/cm/cmmi9.pfb></usr/local/
texlive/2014/texmf-dist/fonts/type1/public/amsfonts/cm/cmr10.pfb></usr/local/te
xlive/2014/texmf-dist/fonts/type1/public/amsfonts/cm/cmr12.pfb></usr/local/texl
ive/2014/texmf-dist/fonts/type1/public/amsfonts/cm/cmr17.pfb></usr/local/texliv
e/2014/texmf-dist/fonts/type1/public/amsfonts/cm/cmr5.pfb></usr/local/texlive/2
014/texmf-dist/fonts/type1/public/amsfonts/cm/cmr7.pfb></usr/local/texlive/2014
/texmf-dist/fonts/type1/public/amsfonts/cm/cmr9.pfb></usr/local/texlive/2014/te
xmf-dist/fonts/type1/public/amsfonts/cm/cmsy10.pfb></usr/local/texlive/2014/tex
mf-dist/fonts/type1/public/amsfonts/cm/cmsy5.pfb></usr/local/texlive/2014/texmf
-dist/fonts/type1/public/amsfonts/cm/cmsy7.pfb></usr/local/texlive/2014/texmf-d
ist/fonts/type1/public/amsfonts/cm/cmti10.pfb></usr/local/texlive/2014/texmf-di
st/fonts/type1/public/amsfonts/cm/cmti12.pfb></usr/local/texlive/2014/texmf-dis
t/fonts/type1/public/amsfonts/cm/cmtt10.pfb></usr/local/texlive/2014/texmf-dist
/fonts/type1/public/amsfonts/cm/cmtt12.pfb></usr/local/texlive/2014/texmf-dist/
fonts/type1/public/amsfonts/cm/cmtt8.pfb></usr/local/texlive/2014/texmf-dist/fo
nts/type1/public/amsfonts/euler/eusm10.pfb></usr/local/texlive/2014/texmf-dist/
fonts/type1/public/amsfonts/euler/eusm5.pfb></usr/local/texlive/2014/texmf-dist
/fonts/type1/public/amsfonts/euler/eusm7.pfb></usr/local/texlive/2014/texmf-dis
t/fonts/type1/public/amsfonts/latxfont/line10.pfb></usr/local/texlive/2014/texm
f-dist/fonts/type1/public/amsfonts/symbols/msam10.pfb></usr/local/texlive/2014/
texmf-dist/fonts/type1/public/amsfonts/symbols/msbm10.pfb></usr/local/texlive/2
014/texmf-dist/fonts/type1/public/amsfonts/symbols/msbm7.pfb></usr/local/texliv
e/2014/texmf-dist/fonts/type1/public/xypic/xyatip10.pfb></usr/local/texlive/201
4/texmf-dist/fonts/type1/public/xypic/xybtip10.pfb>
Output written on 0.pdf (45 pages, 510600 bytes).
PDF statistics:
 296 PDF objects out of 1000 (max. 8388607)
 210 compressed objects within 3 object streams
 0 named destinations out of 1000 (max. 500000)
 1 words of extra memory for PDF output out of 10000 (max. 10000000)

