This is pdfTeX, Version 3.14159265-2.6-1.40.16 (TeX Live 2015) (preloaded format=pdflatex 2015.6.19)  11 JUL 2016 14:59
entering extended mode
 restricted \write18 enabled.
 %&-line parsing enabled.
**RR-8934
(./RR-8934.tex
LaTeX2e <2015/01/01>
Babel <3.9l> and hyphenation patterns for 79 languages loaded.
(/usr/local/texlive/2014/texmf-dist/tex/latex/base/article.cls
Document Class: article 2014/09/29 v1.4h Standard LaTeX document class
(/usr/local/texlive/2014/texmf-dist/tex/latex/base/size10.clo
File: size10.clo 2014/09/29 v1.4h Standard LaTeX file (size option)
)
\c@part=\count79
\c@section=\count80
\c@subsection=\count81
\c@subsubsection=\count82
\c@paragraph=\count83
\c@subparagraph=\count84
\c@figure=\count85
\c@table=\count86
\abovecaptionskip=\skip41
\belowcaptionskip=\skip42
\bibindent=\dimen102
) (./command.tex
(/usr/local/texlive/2014/texmf-dist/tex/generic/babel/babel.sty
Package: babel 2014/09/25 3.9l The Babel package

(/usr/local/texlive/2014/texmf-dist/tex/generic/babel-english/english.ldf
Language: english 2012/08/20 v3.3p English support from the babel system

(/usr/local/texlive/2014/texmf-dist/tex/generic/babel/babel.def
File: babel.def 2014/09/25 3.9l Babel common definitions
\babel@savecnt=\count87
\U@D=\dimen103
)
\l@canadian = a dialect from \language\l@american 
\l@australian = a dialect from \language\l@british 
\l@newzealand = a dialect from \language\l@british 
))
(/usr/local/texlive/2014/texmf-dist/tex/latex/base/inputenc.sty
Package: inputenc 2015/03/17 v1.2c Input encoding file
\inpenc@prehook=\toks14
\inpenc@posthook=\toks15

(/usr/local/texlive/2014/texmf-dist/tex/latex/base/utf8.def
File: utf8.def 2014/09/29 v1.1m UTF-8 support for inputenc
Now handling font encoding OML ...
... no UTF-8 mapping file for font encoding OML
Now handling font encoding T1 ...
... processing UTF-8 mapping file for font encoding T1

(/usr/local/texlive/2014/texmf-dist/tex/latex/base/t1enc.dfu
File: t1enc.dfu 2014/09/29 v1.1m UTF-8 support for inputenc
   defining Unicode char U+00A1 (decimal 161)
   defining Unicode char U+00A3 (decimal 163)
   defining Unicode char U+00AB (decimal 171)
   defining Unicode char U+00BB (decimal 187)
   defining Unicode char U+00BF (decimal 191)
   defining Unicode char U+00C0 (decimal 192)
   defining Unicode char U+00C1 (decimal 193)
   defining Unicode char U+00C2 (decimal 194)
   defining Unicode char U+00C3 (decimal 195)
   defining Unicode char U+00C4 (decimal 196)
   defining Unicode char U+00C5 (decimal 197)
   defining Unicode char U+00C6 (decimal 198)
   defining Unicode char U+00C7 (decimal 199)
   defining Unicode char U+00C8 (decimal 200)
   defining Unicode char U+00C9 (decimal 201)
   defining Unicode char U+00CA (decimal 202)
   defining Unicode char U+00CB (decimal 203)
   defining Unicode char U+00CC (decimal 204)
   defining Unicode char U+00CD (decimal 205)
   defining Unicode char U+00CE (decimal 206)
   defining Unicode char U+00CF (decimal 207)
   defining Unicode char U+00D0 (decimal 208)
   defining Unicode char U+00D1 (decimal 209)
   defining Unicode char U+00D2 (decimal 210)
   defining Unicode char U+00D3 (decimal 211)
   defining Unicode char U+00D4 (decimal 212)
   defining Unicode char U+00D5 (decimal 213)
   defining Unicode char U+00D6 (decimal 214)
   defining Unicode char U+00D8 (decimal 216)
   defining Unicode char U+00D9 (decimal 217)
   defining Unicode char U+00DA (decimal 218)
   defining Unicode char U+00DB (decimal 219)
   defining Unicode char U+00DC (decimal 220)
   defining Unicode char U+00DD (decimal 221)
   defining Unicode char U+00DE (decimal 222)
   defining Unicode char U+00DF (decimal 223)
   defining Unicode char U+00E0 (decimal 224)
   defining Unicode char U+00E1 (decimal 225)
   defining Unicode char U+00E2 (decimal 226)
   defining Unicode char U+00E3 (decimal 227)
   defining Unicode char U+00E4 (decimal 228)
   defining Unicode char U+00E5 (decimal 229)
   defining Unicode char U+00E6 (decimal 230)
   defining Unicode char U+00E7 (decimal 231)
   defining Unicode char U+00E8 (decimal 232)
   defining Unicode char U+00E9 (decimal 233)
   defining Unicode char U+00EA (decimal 234)
   defining Unicode char U+00EB (decimal 235)
   defining Unicode char U+00EC (decimal 236)
   defining Unicode char U+00ED (decimal 237)
   defining Unicode char U+00EE (decimal 238)
   defining Unicode char U+00EF (decimal 239)
   defining Unicode char U+00F0 (decimal 240)
   defining Unicode char U+00F1 (decimal 241)
   defining Unicode char U+00F2 (decimal 242)
   defining Unicode char U+00F3 (decimal 243)
   defining Unicode char U+00F4 (decimal 244)
   defining Unicode char U+00F5 (decimal 245)
   defining Unicode char U+00F6 (decimal 246)
   defining Unicode char U+00F8 (decimal 248)
   defining Unicode char U+00F9 (decimal 249)
   defining Unicode char U+00FA (decimal 250)
   defining Unicode char U+00FB (decimal 251)
   defining Unicode char U+00FC (decimal 252)
   defining Unicode char U+00FD (decimal 253)
   defining Unicode char U+00FE (decimal 254)
   defining Unicode char U+00FF (decimal 255)
   defining Unicode char U+0102 (decimal 258)
   defining Unicode char U+0103 (decimal 259)
   defining Unicode char U+0104 (decimal 260)
   defining Unicode char U+0105 (decimal 261)
   defining Unicode char U+0106 (decimal 262)
   defining Unicode char U+0107 (decimal 263)
   defining Unicode char U+010C (decimal 268)
   defining Unicode char U+010D (decimal 269)
   defining Unicode char U+010E (decimal 270)
   defining Unicode char U+010F (decimal 271)
   defining Unicode char U+0110 (decimal 272)
   defining Unicode char U+0111 (decimal 273)
   defining Unicode char U+0118 (decimal 280)
   defining Unicode char U+0119 (decimal 281)
   defining Unicode char U+011A (decimal 282)
   defining Unicode char U+011B (decimal 283)
   defining Unicode char U+011E (decimal 286)
   defining Unicode char U+011F (decimal 287)
   defining Unicode char U+0130 (decimal 304)
   defining Unicode char U+0131 (decimal 305)
   defining Unicode char U+0132 (decimal 306)
   defining Unicode char U+0133 (decimal 307)
   defining Unicode char U+0139 (decimal 313)
   defining Unicode char U+013A (decimal 314)
   defining Unicode char U+013D (decimal 317)
   defining Unicode char U+013E (decimal 318)
   defining Unicode char U+0141 (decimal 321)
   defining Unicode char U+0142 (decimal 322)
   defining Unicode char U+0143 (decimal 323)
   defining Unicode char U+0144 (decimal 324)
   defining Unicode char U+0147 (decimal 327)
   defining Unicode char U+0148 (decimal 328)
   defining Unicode char U+014A (decimal 330)
   defining Unicode char U+014B (decimal 331)
   defining Unicode char U+0150 (decimal 336)
   defining Unicode char U+0151 (decimal 337)
   defining Unicode char U+0152 (decimal 338)
   defining Unicode char U+0153 (decimal 339)
   defining Unicode char U+0154 (decimal 340)
   defining Unicode char U+0155 (decimal 341)
   defining Unicode char U+0158 (decimal 344)
   defining Unicode char U+0159 (decimal 345)
   defining Unicode char U+015A (decimal 346)
   defining Unicode char U+015B (decimal 347)
   defining Unicode char U+015E (decimal 350)
   defining Unicode char U+015F (decimal 351)
   defining Unicode char U+0160 (decimal 352)
   defining Unicode char U+0161 (decimal 353)
   defining Unicode char U+0162 (decimal 354)
   defining Unicode char U+0163 (decimal 355)
   defining Unicode char U+0164 (decimal 356)
   defining Unicode char U+0165 (decimal 357)
   defining Unicode char U+016E (decimal 366)
   defining Unicode char U+016F (decimal 367)
   defining Unicode char U+0170 (decimal 368)
   defining Unicode char U+0171 (decimal 369)
   defining Unicode char U+0178 (decimal 376)
   defining Unicode char U+0179 (decimal 377)
   defining Unicode char U+017A (decimal 378)
   defining Unicode char U+017B (decimal 379)
   defining Unicode char U+017C (decimal 380)
   defining Unicode char U+017D (decimal 381)
   defining Unicode char U+017E (decimal 382)
   defining Unicode char U+200C (decimal 8204)
   defining Unicode char U+2013 (decimal 8211)
   defining Unicode char U+2014 (decimal 8212)
   defining Unicode char U+2018 (decimal 8216)
   defining Unicode char U+2019 (decimal 8217)
   defining Unicode char U+201A (decimal 8218)
   defining Unicode char U+201C (decimal 8220)
   defining Unicode char U+201D (decimal 8221)
   defining Unicode char U+201E (decimal 8222)
   defining Unicode char U+2030 (decimal 8240)
   defining Unicode char U+2031 (decimal 8241)
   defining Unicode char U+2039 (decimal 8249)
   defining Unicode char U+203A (decimal 8250)
   defining Unicode char U+2423 (decimal 9251)
)
Now handling font encoding OT1 ...
... processing UTF-8 mapping file for font encoding OT1

(/usr/local/texlive/2014/texmf-dist/tex/latex/base/ot1enc.dfu
File: ot1enc.dfu 2014/09/29 v1.1m UTF-8 support for inputenc
   defining Unicode char U+00A1 (decimal 161)
   defining Unicode char U+00A3 (decimal 163)
   defining Unicode char U+00B8 (decimal 184)
   defining Unicode char U+00BF (decimal 191)
   defining Unicode char U+00C5 (decimal 197)
   defining Unicode char U+00C6 (decimal 198)
   defining Unicode char U+00D8 (decimal 216)
   defining Unicode char U+00DF (decimal 223)
   defining Unicode char U+00E6 (decimal 230)
   defining Unicode char U+00EC (decimal 236)
   defining Unicode char U+00ED (decimal 237)
   defining Unicode char U+00EE (decimal 238)
   defining Unicode char U+00EF (decimal 239)
   defining Unicode char U+00F8 (decimal 248)
   defining Unicode char U+0131 (decimal 305)
   defining Unicode char U+0141 (decimal 321)
   defining Unicode char U+0142 (decimal 322)
   defining Unicode char U+0152 (decimal 338)
   defining Unicode char U+0153 (decimal 339)
   defining Unicode char U+2013 (decimal 8211)
   defining Unicode char U+2014 (decimal 8212)
   defining Unicode char U+2018 (decimal 8216)
   defining Unicode char U+2019 (decimal 8217)
   defining Unicode char U+201C (decimal 8220)
   defining Unicode char U+201D (decimal 8221)
)
Now handling font encoding OMS ...
... processing UTF-8 mapping file for font encoding OMS

(/usr/local/texlive/2014/texmf-dist/tex/latex/base/omsenc.dfu
File: omsenc.dfu 2014/09/29 v1.1m UTF-8 support for inputenc
   defining Unicode char U+00A7 (decimal 167)
   defining Unicode char U+00B6 (decimal 182)
   defining Unicode char U+00B7 (decimal 183)
   defining Unicode char U+2020 (decimal 8224)
   defining Unicode char U+2021 (decimal 8225)
   defining Unicode char U+2022 (decimal 8226)
)
Now handling font encoding OMX ...
... no UTF-8 mapping file for font encoding OMX
Now handling font encoding U ...
... no UTF-8 mapping file for font encoding U
   defining Unicode char U+00A9 (decimal 169)
   defining Unicode char U+00AA (decimal 170)
   defining Unicode char U+00AE (decimal 174)
   defining Unicode char U+00BA (decimal 186)
   defining Unicode char U+02C6 (decimal 710)
   defining Unicode char U+02DC (decimal 732)
   defining Unicode char U+200C (decimal 8204)
   defining Unicode char U+2026 (decimal 8230)
   defining Unicode char U+2122 (decimal 8482)
   defining Unicode char U+2423 (decimal 9251)
))
(/usr/local/texlive/2014/texmf-dist/tex/latex/amsfonts/amssymb.sty
Package: amssymb 2013/01/14 v3.01 AMS font symbols

(/usr/local/texlive/2014/texmf-dist/tex/latex/amsfonts/amsfonts.sty
Package: amsfonts 2013/01/14 v3.01 Basic AMSFonts support
\@emptytoks=\toks16
\symAMSa=\mathgroup4
\symAMSb=\mathgroup5
LaTeX Font Info:    Overwriting math alphabet `\mathfrak' in version `bold'
(Font)                  U/euf/m/n --> U/euf/b/n on input line 106.
))
(/usr/local/texlive/2014/texmf-dist/tex/latex/amsmath/amsmath.sty
Package: amsmath 2013/01/14 v2.14 AMS math features
\@mathmargin=\skip43

For additional information on amsmath, use the `?' option.
(/usr/local/texlive/2014/texmf-dist/tex/latex/amsmath/amstext.sty
Package: amstext 2000/06/29 v2.01

(/usr/local/texlive/2014/texmf-dist/tex/latex/amsmath/amsgen.sty
File: amsgen.sty 1999/11/30 v2.0
\@emptytoks=\toks17
\ex@=\dimen104
))
(/usr/local/texlive/2014/texmf-dist/tex/latex/amsmath/amsbsy.sty
Package: amsbsy 1999/11/29 v1.2d
\pmbraise@=\dimen105
)
(/usr/local/texlive/2014/texmf-dist/tex/latex/amsmath/amsopn.sty
Package: amsopn 1999/12/14 v2.01 operator names
)
\inf@bad=\count88
LaTeX Info: Redefining \frac on input line 210.
\uproot@=\count89
\leftroot@=\count90
LaTeX Info: Redefining \overline on input line 306.
\classnum@=\count91
\DOTSCASE@=\count92
LaTeX Info: Redefining \ldots on input line 378.
LaTeX Info: Redefining \dots on input line 381.
LaTeX Info: Redefining \cdots on input line 466.
\Mathstrutbox@=\box26
\strutbox@=\box27
\big@size=\dimen106
LaTeX Font Info:    Redeclaring font encoding OML on input line 566.
LaTeX Font Info:    Redeclaring font encoding OMS on input line 567.
\macc@depth=\count93
\c@MaxMatrixCols=\count94
\dotsspace@=\muskip10
\c@parentequation=\count95
\dspbrk@lvl=\count96
\tag@help=\toks18
\row@=\count97
\column@=\count98
\maxfields@=\count99
\andhelp@=\toks19
\eqnshift@=\dimen107
\alignsep@=\dimen108
\tagshift@=\dimen109
\tagwidth@=\dimen110
\totwidth@=\dimen111
\lineht@=\dimen112
\@envbody=\toks20
\multlinegap=\skip44
\multlinetaggap=\skip45
\mathdisplay@stack=\toks21
LaTeX Info: Redefining \[ on input line 2665.
LaTeX Info: Redefining \] on input line 2666.
)
(/usr/local/texlive/2014/texmf-dist/tex/latex/titlesec/titlesec.sty
Package: titlesec 2011/12/15 v2.10.0 Sectioning titles
\ttl@box=\box28
\beforetitleunit=\skip46
\aftertitleunit=\skip47
\ttl@plus=\dimen113
\ttl@minus=\dimen114
\ttl@toksa=\toks22
\titlewidth=\dimen115
\titlewidthlast=\dimen116
\titlewidthfirst=\dimen117
)
(/usr/local/texlive/2014/texmf-dist/tex/latex/graphics/color.sty
Package: color 2014/10/28 v1.1a Standard LaTeX Color (DPC)

(/usr/local/texlive/2014/texmf-dist/tex/latex/latexconfig/color.cfg
File: color.cfg 2007/01/18 v1.5 color configuration of teTeX/TeXLive
)
Package color Info: Driver file: pdftex.def on input line 142.

(/usr/local/texlive/2014/texmf-dist/tex/latex/pdftex-def/pdftex.def
File: pdftex.def 2011/05/27 v0.06d Graphics/color for pdfTeX

(/usr/local/texlive/2014/texmf-dist/tex/generic/oberdiek/infwarerr.sty
Package: infwarerr 2010/04/08 v1.3 Providing info/warning/error messages (HO)
)
(/usr/local/texlive/2014/texmf-dist/tex/generic/oberdiek/ltxcmds.sty
Package: ltxcmds 2011/11/09 v1.22 LaTeX kernel commands for general use (HO)
)
\Gread@gobject=\count100
))
(/usr/local/texlive/2014/texmf-dist/tex/latex/amscls/amsthm.sty
Package: amsthm 2015/03/04 v2.20.2
\thm@style=\toks23
\thm@bodyfont=\toks24
\thm@headfont=\toks25
\thm@notefont=\toks26
\thm@headpunct=\toks27
\thm@preskip=\skip48
\thm@postskip=\skip49
\thm@headsep=\skip50
\dth@everypar=\toks28
)
(/usr/local/texlive/2014/texmf-dist/tex/latex/thmtools/thmtools.sty
Package: thmtools 2014/04/21 v66
\thmt@toks=\toks29
\c@thmt@dummyctr=\count101

(/usr/local/texlive/2014/texmf-dist/tex/latex/thmtools/thm-patch.sty
Package: thm-patch 2014/04/21 v66

(/usr/local/texlive/2014/texmf-dist/tex/latex/thmtools/parseargs.sty
Package: parseargs 2014/04/21 v66
\@parsespec=\toks30
))
(/usr/local/texlive/2014/texmf-dist/tex/latex/thmtools/thm-kv.sty
Package: thm-kv 2014/04/21 v66
Package thm-kv Info: Theorem names will be uppercased on input line 40.

(/usr/local/texlive/2014/texmf-dist/tex/latex/graphics/keyval.sty
Package: keyval 2014/10/28 v1.15 key=value parser (DPC)
\KV@toks@=\toks31
)
(/usr/local/texlive/2014/texmf-dist/tex/generic/oberdiek/kvsetkeys.sty
Package: kvsetkeys 2012/04/25 v1.16 Key value parser (HO)

(/usr/local/texlive/2014/texmf-dist/tex/generic/oberdiek/etexcmds.sty
Package: etexcmds 2011/02/16 v1.5 Avoid name clashes with e-TeX commands (HO)

(/usr/local/texlive/2014/texmf-dist/tex/generic/oberdiek/ifluatex.sty
Package: ifluatex 2010/03/01 v1.3 Provides the ifluatex switch (HO)
Package ifluatex Info: LuaTeX not detected.
)
Package etexcmds Info: Could not find \expanded.
(etexcmds)             That can mean that you are not using pdfTeX 1.50 or
(etexcmds)             that some package has redefined \expanded.
(etexcmds)             In the latter case, load this package earlier.
))
Package thm-kv Info: kvsetkeys patch (v1.16 or later) on input line 156.
)
(/usr/local/texlive/2014/texmf-dist/tex/latex/thmtools/thm-autoref.sty
Package: thm-autoref 2014/04/21 v66

(/usr/local/texlive/2014/texmf-dist/tex/latex/thmtools/aliasctr.sty
Package: aliasctr 2014/04/21 v66

(/usr/local/texlive/2014/texmf-dist/tex/latex/carlisle/remreset.sty)))
(/usr/local/texlive/2014/texmf-dist/tex/latex/thmtools/thm-listof.sty
Package: thm-listof 2014/04/21 v66
)
(/usr/local/texlive/2014/texmf-dist/tex/latex/thmtools/thm-restate.sty
Package: thm-restate 2014/04/21 v66
)
(/usr/local/texlive/2014/texmf-dist/tex/latex/thmtools/thm-amsthm.sty
Package: thm-amsthm 2014/04/21 v66
\thmt@style@headstyle=\toks32
))
(/usr/local/texlive/2014/texmf-dist/tex/latex/hyperref/nameref.sty
Package: nameref 2012/10/27 v2.43 Cross-referencing by name of section

(/usr/local/texlive/2014/texmf-dist/tex/latex/oberdiek/refcount.sty
Package: refcount 2011/10/16 v3.4 Data extraction from label references (HO)
)
(/usr/local/texlive/2014/texmf-dist/tex/generic/oberdiek/gettitlestring.sty
Package: gettitlestring 2010/12/03 v1.4 Cleanup title references (HO)

(/usr/local/texlive/2014/texmf-dist/tex/latex/oberdiek/kvoptions.sty
Package: kvoptions 2011/06/30 v3.11 Key value format for package options (HO)
))
\c@section@level=\count102
LaTeX Info: Redefining \ref on input line 353.
LaTeX Info: Redefining \pageref on input line 353.
)
(/usr/local/texlive/2014/texmf-dist/tex/latex/hyperref/hyperref.sty
Package: hyperref 2012/11/06 v6.83m Hypertext links for LaTeX

(/usr/local/texlive/2014/texmf-dist/tex/generic/oberdiek/hobsub-hyperref.sty
Package: hobsub-hyperref 2012/05/28 v1.13 Bundle oberdiek, subset hyperref (HO)


(/usr/local/texlive/2014/texmf-dist/tex/generic/oberdiek/hobsub-generic.sty
Package: hobsub-generic 2012/05/28 v1.13 Bundle oberdiek, subset generic (HO)
Package: hobsub 2012/05/28 v1.13 Construct package bundles (HO)
Package hobsub Info: Skipping package `infwarerr' (already loaded).
Package hobsub Info: Skipping package `ltxcmds' (already loaded).
Package hobsub Info: Skipping package `ifluatex' (already loaded).
Package: ifvtex 2010/03/01 v1.5 Detect VTeX and its facilities (HO)
Package ifvtex Info: VTeX not detected.
Package: intcalc 2007/09/27 v1.1 Expandable calculations with integers (HO)
Package: ifpdf 2011/01/30 v2.3 Provides the ifpdf switch (HO)
Package ifpdf Info: pdfTeX in PDF mode is detected.
Package hobsub Info: Skipping package `etexcmds' (already loaded).
Package hobsub Info: Skipping package `kvsetkeys' (already loaded).
Package: kvdefinekeys 2011/04/07 v1.3 Define keys (HO)
Package: pdftexcmds 2011/11/29 v0.20 Utility functions of pdfTeX for LuaTeX (HO
)
Package pdftexcmds Info: LuaTeX not detected.
Package pdftexcmds Info: \pdf@primitive is available.
Package pdftexcmds Info: \pdf@ifprimitive is available.
Package pdftexcmds Info: \pdfdraftmode found.
Package: pdfescape 2011/11/25 v1.13 Implements pdfTeX's escape features (HO)
Package: bigintcalc 2012/04/08 v1.3 Expandable calculations on big integers (HO
)
Package: bitset 2011/01/30 v1.1 Handle bit-vector datatype (HO)
Package: uniquecounter 2011/01/30 v1.2 Provide unlimited unique counter (HO)
)
Package hobsub Info: Skipping package `hobsub' (already loaded).
Package: letltxmacro 2010/09/02 v1.4 Let assignment for LaTeX macros (HO)
Package: hopatch 2012/05/28 v1.2 Wrapper for package hooks (HO)
Package: xcolor-patch 2011/01/30 xcolor patch
Package: atveryend 2011/06/30 v1.8 Hooks at the very end of document (HO)
Package atveryend Info: \enddocument detected (standard20110627).
Package: atbegshi 2011/10/05 v1.16 At begin shipout hook (HO)
Package hobsub Info: Skipping package `refcount' (already loaded).
Package: hycolor 2011/01/30 v1.7 Color options for hyperref/bookmark (HO)
)
(/usr/local/texlive/2014/texmf-dist/tex/generic/ifxetex/ifxetex.sty
Package: ifxetex 2010/09/12 v0.6 Provides ifxetex conditional
)
(/usr/local/texlive/2014/texmf-dist/tex/latex/oberdiek/auxhook.sty
Package: auxhook 2011/03/04 v1.3 Hooks for auxiliary files (HO)
)
\@linkdim=\dimen118
\Hy@linkcounter=\count103
\Hy@pagecounter=\count104

(/usr/local/texlive/2014/texmf-dist/tex/latex/hyperref/pd1enc.def
File: pd1enc.def 2012/11/06 v6.83m Hyperref: PDFDocEncoding definition (HO)
Now handling font encoding PD1 ...
... no UTF-8 mapping file for font encoding PD1
)
\Hy@SavedSpaceFactor=\count105

(/usr/local/texlive/2014/texmf-dist/tex/latex/latexconfig/hyperref.cfg
File: hyperref.cfg 2002/06/06 v1.2 hyperref configuration of TeXLive
)
Package hyperref Info: Hyper figures OFF on input line 4443.
Package hyperref Info: Link nesting OFF on input line 4448.
Package hyperref Info: Hyper index ON on input line 4451.
Package hyperref Info: Plain pages OFF on input line 4458.
Package hyperref Info: Backreferencing OFF on input line 4463.
Package hyperref Info: Implicit mode ON; LaTeX internals redefined.
Package hyperref Info: Bookmarks ON on input line 4688.
\c@Hy@tempcnt=\count106

(/usr/local/texlive/2014/texmf-dist/tex/latex/url/url.sty
\Urlmuskip=\muskip11
Package: url 2013/09/16  ver 3.4  Verb mode for urls, etc.
)
LaTeX Info: Redefining \url on input line 5041.
\XeTeXLinkMargin=\dimen119
\Fld@menulength=\count107
\Field@Width=\dimen120
\Fld@charsize=\dimen121
Package hyperref Info: Hyper figures OFF on input line 6295.
Package hyperref Info: Link nesting OFF on input line 6300.
Package hyperref Info: Hyper index ON on input line 6303.
Package hyperref Info: backreferencing OFF on input line 6310.
Package hyperref Info: Link coloring OFF on input line 6315.
Package hyperref Info: Link coloring with OCG OFF on input line 6320.
Package hyperref Info: PDF/A mode OFF on input line 6325.
LaTeX Info: Redefining \ref on input line 6365.
LaTeX Info: Redefining \pageref on input line 6369.
\Hy@abspage=\count108
\c@Item=\count109
\c@Hfootnote=\count110
)

Package hyperref Message: Driver (autodetected): hpdftex.

(/usr/local/texlive/2014/texmf-dist/tex/latex/hyperref/hpdftex.def
File: hpdftex.def 2012/11/06 v6.83m Hyperref driver for pdfTeX
\Fld@listcount=\count111
\c@bookmark@seq@number=\count112

(/usr/local/texlive/2014/texmf-dist/tex/latex/oberdiek/rerunfilecheck.sty
Package: rerunfilecheck 2011/04/15 v1.7 Rerun checks for auxiliary files (HO)
Package uniquecounter Info: New unique counter `rerunfilecheck' on input line 2
82.
)
\Hy@SectionHShift=\skip51
)
(/usr/local/texlive/2014/texmf-dist/tex/generic/ulem/ulem.sty
\UL@box=\box29
\UL@hyphenbox=\box30
\UL@skip=\skip52
\UL@hook=\toks33
\UL@height=\dimen122
\UL@pe=\count113
\UL@pixel=\dimen123
\ULC@box=\box31
Package: ulem 2012/05/18
\ULdepth=\dimen124
)
Package thmtools Info: Automatically pulling in `thmdef-shaded' on input line 6
4.

(/usr/local/texlive/2014/texmf-dist/tex/latex/thmtools/thmdef-shaded.sty
Package: thmdef-shaded 2014/04/21 v66
)
\c@theorem=\count114

(/usr/local/texlive/2014/texmf-dist/tex/latex/shadethm/shadethm.sty
Package: shadethm 1999/11/23
\saveparindent=\skip53
\shadeboxsep=\skip54
\shadeboxrule=\skip55
\shadedtextwidth=\skip56
\shadeleftshift=\skip57
\shaderightshift=\skip58
\shadesavebox=\box32
)
(/usr/local/texlive/2014/texmf-dist/tex/latex/rotating/rotating.sty
Package: rotating 2009/03/28 v2.16a rotated objects in LaTeX

(/usr/local/texlive/2014/texmf-dist/tex/latex/graphics/graphicx.sty
Package: graphicx 2014/10/28 v1.0g Enhanced LaTeX Graphics (DPC,SPQR)

(/usr/local/texlive/2014/texmf-dist/tex/latex/graphics/graphics.sty
Package: graphics 2014/10/28 v1.0p Standard LaTeX Graphics (DPC,SPQR)

(/usr/local/texlive/2014/texmf-dist/tex/latex/graphics/trig.sty
Package: trig 1999/03/16 v1.09 sin cos tan (DPC)
)
(/usr/local/texlive/2014/texmf-dist/tex/latex/latexconfig/graphics.cfg
File: graphics.cfg 2010/04/23 v1.9 graphics configuration of TeX Live
)
Package graphics Info: Driver file: pdftex.def on input line 94.
)
\Gin@req@height=\dimen125
\Gin@req@width=\dimen126
)
(/usr/local/texlive/2014/texmf-dist/tex/latex/base/ifthen.sty
Package: ifthen 2014/09/29 v1.1c Standard LaTeX ifthen package (DPC)
)
\c@r@tfl@t=\count115
\rotFPtop=\skip59
\rotFPbot=\skip60
\rot@float@box=\box33
\rot@mess@toks=\toks34
))
(/usr/local/texlive/2014/texmf-dist/tex/latex/geometry/geometry.sty
Package: geometry 2010/09/12 v5.6 Page Geometry
\Gm@cnth=\count116
\Gm@cntv=\count117
\c@Gm@tempcnt=\count118
\Gm@bindingoffset=\dimen127
\Gm@wd@mp=\dimen128
\Gm@odd@mp=\dimen129
\Gm@even@mp=\dimen130
\Gm@layoutwidth=\dimen131
\Gm@layoutheight=\dimen132
\Gm@layouthoffset=\dimen133
\Gm@layoutvoffset=\dimen134
\Gm@dimlist=\toks35
)
(/usr/local/texlive/2014/texmf-dist/tex/latex/base/fontenc.sty
Package: fontenc 2005/09/27 v1.99g Standard LaTeX package

(/usr/local/texlive/2014/texmf-dist/tex/latex/base/t1enc.def
File: t1enc.def 2005/09/27 v1.99g Standard LaTeX file
LaTeX Font Info:    Redeclaring font encoding T1 on input line 48.
)) (./RR.sty
Package: RR 2013/02/11 v5.1f Copyright INRIA/MIAOU/APICS/MARELLE 2002-2011

Style de documents Rapport de recherche Inria : version 5.1f du 2013/02/11
(/usr/local/texlive/2014/texmf-dist/tex/latex/base/textcomp.sty
Package: textcomp 2005/09/27 v1.99g Standard LaTeX package
Package textcomp Info: Sub-encoding information:
(textcomp)               5 = only ISO-Adobe without \textcurrency
(textcomp)               4 = 5 + \texteuro
(textcomp)               3 = 4 + \textohm
(textcomp)               2 = 3 + \textestimated + \textcurrency
(textcomp)               1 = TS1 - \textcircled - \t
(textcomp)               0 = TS1 (full)
(textcomp)             Font families with sub-encoding setting implement
(textcomp)             only a restricted character set as indicated.
(textcomp)             Family '?' is the default used for unknown fonts.
(textcomp)             See the documentation for details.
Package textcomp Info: Setting ? sub-encoding to TS1/1 on input line 79.

(/usr/local/texlive/2014/texmf-dist/tex/latex/base/ts1enc.def
File: ts1enc.def 2001/06/05 v3.0e (jk/car/fm) Standard LaTeX file
Now handling font encoding TS1 ...
... processing UTF-8 mapping file for font encoding TS1

(/usr/local/texlive/2014/texmf-dist/tex/latex/base/ts1enc.dfu
File: ts1enc.dfu 2014/09/29 v1.1m UTF-8 support for inputenc
   defining Unicode char U+00A2 (decimal 162)
   defining Unicode char U+00A3 (decimal 163)
   defining Unicode char U+00A4 (decimal 164)
   defining Unicode char U+00A5 (decimal 165)
   defining Unicode char U+00A6 (decimal 166)
   defining Unicode char U+00A7 (decimal 167)
   defining Unicode char U+00A8 (decimal 168)
   defining Unicode char U+00A9 (decimal 169)
   defining Unicode char U+00AA (decimal 170)
   defining Unicode char U+00AC (decimal 172)
   defining Unicode char U+00AE (decimal 174)
   defining Unicode char U+00AF (decimal 175)
   defining Unicode char U+00B0 (decimal 176)
   defining Unicode char U+00B1 (decimal 177)
   defining Unicode char U+00B2 (decimal 178)
   defining Unicode char U+00B3 (decimal 179)
   defining Unicode char U+00B4 (decimal 180)
   defining Unicode char U+00B5 (decimal 181)
   defining Unicode char U+00B6 (decimal 182)
   defining Unicode char U+00B7 (decimal 183)
   defining Unicode char U+00B9 (decimal 185)
   defining Unicode char U+00BA (decimal 186)
   defining Unicode char U+00BC (decimal 188)
   defining Unicode char U+00BD (decimal 189)
   defining Unicode char U+00BE (decimal 190)
   defining Unicode char U+00D7 (decimal 215)
   defining Unicode char U+00F7 (decimal 247)
   defining Unicode char U+0192 (decimal 402)
   defining Unicode char U+02C7 (decimal 711)
   defining Unicode char U+02D8 (decimal 728)
   defining Unicode char U+02DD (decimal 733)
   defining Unicode char U+0E3F (decimal 3647)
   defining Unicode char U+2016 (decimal 8214)
   defining Unicode char U+2020 (decimal 8224)
   defining Unicode char U+2021 (decimal 8225)
   defining Unicode char U+2022 (decimal 8226)
   defining Unicode char U+2030 (decimal 8240)
   defining Unicode char U+2031 (decimal 8241)
   defining Unicode char U+203B (decimal 8251)
   defining Unicode char U+203D (decimal 8253)
   defining Unicode char U+2044 (decimal 8260)
   defining Unicode char U+204E (decimal 8270)
   defining Unicode char U+2052 (decimal 8274)
   defining Unicode char U+20A1 (decimal 8353)
   defining Unicode char U+20A4 (decimal 8356)
   defining Unicode char U+20A6 (decimal 8358)
   defining Unicode char U+20A9 (decimal 8361)
   defining Unicode char U+20AB (decimal 8363)
   defining Unicode char U+20AC (decimal 8364)
   defining Unicode char U+20B1 (decimal 8369)
   defining Unicode char U+2103 (decimal 8451)
   defining Unicode char U+2116 (decimal 8470)
   defining Unicode char U+2117 (decimal 8471)
   defining Unicode char U+211E (decimal 8478)
   defining Unicode char U+2120 (decimal 8480)
   defining Unicode char U+2122 (decimal 8482)
   defining Unicode char U+2126 (decimal 8486)
   defining Unicode char U+2127 (decimal 8487)
   defining Unicode char U+212E (decimal 8494)
   defining Unicode char U+2190 (decimal 8592)
   defining Unicode char U+2191 (decimal 8593)
   defining Unicode char U+2192 (decimal 8594)
   defining Unicode char U+2193 (decimal 8595)
   defining Unicode char U+2329 (decimal 9001)
   defining Unicode char U+232A (decimal 9002)
   defining Unicode char U+2422 (decimal 9250)
   defining Unicode char U+25E6 (decimal 9702)
   defining Unicode char U+25EF (decimal 9711)
   defining Unicode char U+266A (decimal 9834)
))
LaTeX Info: Redefining \oldstylenums on input line 334.
Package textcomp Info: Setting cmr sub-encoding to TS1/0 on input line 349.
Package textcomp Info: Setting cmss sub-encoding to TS1/0 on input line 350.
Package textcomp Info: Setting cmtt sub-encoding to TS1/0 on input line 351.
Package textcomp Info: Setting cmvtt sub-encoding to TS1/0 on input line 352.
Package textcomp Info: Setting cmbr sub-encoding to TS1/0 on input line 353.
Package textcomp Info: Setting cmtl sub-encoding to TS1/0 on input line 354.
Package textcomp Info: Setting ccr sub-encoding to TS1/0 on input line 355.
Package textcomp Info: Setting ptm sub-encoding to TS1/4 on input line 356.
Package textcomp Info: Setting pcr sub-encoding to TS1/4 on input line 357.
Package textcomp Info: Setting phv sub-encoding to TS1/4 on input line 358.
Package textcomp Info: Setting ppl sub-encoding to TS1/3 on input line 359.
Package textcomp Info: Setting pag sub-encoding to TS1/4 on input line 360.
Package textcomp Info: Setting pbk sub-encoding to TS1/4 on input line 361.
Package textcomp Info: Setting pnc sub-encoding to TS1/4 on input line 362.
Package textcomp Info: Setting pzc sub-encoding to TS1/4 on input line 363.
Package textcomp Info: Setting bch sub-encoding to TS1/4 on input line 364.
Package textcomp Info: Setting put sub-encoding to TS1/5 on input line 365.
Package textcomp Info: Setting uag sub-encoding to TS1/5 on input line 366.
Package textcomp Info: Setting ugq sub-encoding to TS1/5 on input line 367.
Package textcomp Info: Setting ul8 sub-encoding to TS1/4 on input line 368.
Package textcomp Info: Setting ul9 sub-encoding to TS1/4 on input line 369.
Package textcomp Info: Setting augie sub-encoding to TS1/5 on input line 370.
Package textcomp Info: Setting dayrom sub-encoding to TS1/3 on input line 371.
Package textcomp Info: Setting dayroms sub-encoding to TS1/3 on input line 372.

Package textcomp Info: Setting pxr sub-encoding to TS1/0 on input line 373.
Package textcomp Info: Setting pxss sub-encoding to TS1/0 on input line 374.
Package textcomp Info: Setting pxtt sub-encoding to TS1/0 on input line 375.
Package textcomp Info: Setting txr sub-encoding to TS1/0 on input line 376.
Package textcomp Info: Setting txss sub-encoding to TS1/0 on input line 377.
Package textcomp Info: Setting txtt sub-encoding to TS1/0 on input line 378.
Package textcomp Info: Setting lmr sub-encoding to TS1/0 on input line 379.
Package textcomp Info: Setting lmdh sub-encoding to TS1/0 on input line 380.
Package textcomp Info: Setting lmss sub-encoding to TS1/0 on input line 381.
Package textcomp Info: Setting lmssq sub-encoding to TS1/0 on input line 382.
Package textcomp Info: Setting lmvtt sub-encoding to TS1/0 on input line 383.
Package textcomp Info: Setting lmtt sub-encoding to TS1/0 on input line 384.
Package textcomp Info: Setting qhv sub-encoding to TS1/0 on input line 385.
Package textcomp Info: Setting qag sub-encoding to TS1/0 on input line 386.
Package textcomp Info: Setting qbk sub-encoding to TS1/0 on input line 387.
Package textcomp Info: Setting qcr sub-encoding to TS1/0 on input line 388.
Package textcomp Info: Setting qcs sub-encoding to TS1/0 on input line 389.
Package textcomp Info: Setting qpl sub-encoding to TS1/0 on input line 390.
Package textcomp Info: Setting qtm sub-encoding to TS1/0 on input line 391.
Package textcomp Info: Setting qzc sub-encoding to TS1/0 on input line 392.
Package textcomp Info: Setting qhvc sub-encoding to TS1/0 on input line 393.
Package textcomp Info: Setting futs sub-encoding to TS1/4 on input line 394.
Package textcomp Info: Setting futx sub-encoding to TS1/4 on input line 395.
Package textcomp Info: Setting futj sub-encoding to TS1/4 on input line 396.
Package textcomp Info: Setting hlh sub-encoding to TS1/3 on input line 397.
Package textcomp Info: Setting hls sub-encoding to TS1/3 on input line 398.
Package textcomp Info: Setting hlst sub-encoding to TS1/3 on input line 399.
Package textcomp Info: Setting hlct sub-encoding to TS1/5 on input line 400.
Package textcomp Info: Setting hlx sub-encoding to TS1/5 on input line 401.
Package textcomp Info: Setting hlce sub-encoding to TS1/5 on input line 402.
Package textcomp Info: Setting hlcn sub-encoding to TS1/5 on input line 403.
Package textcomp Info: Setting hlcw sub-encoding to TS1/5 on input line 404.
Package textcomp Info: Setting hlcf sub-encoding to TS1/5 on input line 405.
Package textcomp Info: Setting pplx sub-encoding to TS1/3 on input line 406.
Package textcomp Info: Setting pplj sub-encoding to TS1/3 on input line 407.
Package textcomp Info: Setting ptmx sub-encoding to TS1/4 on input line 408.
Package textcomp Info: Setting ptmj sub-encoding to TS1/4 on input line 409.
)
\RR@atxybox=\box34
)
(/usr/local/texlive/2014/texmf-dist/tex/latex/a4wide/a4wide.sty
Package: a4wide 1994/08/30

(/usr/local/texlive/2014/texmf-dist/tex/latex/ntgclass/a4.sty
Package: a4 2004/04/15 v1.2g A4 based page layout
)) (./RR-8934.aux)
\openout1 = `RR-8934.aux'.

LaTeX Font Info:    Checking defaults for OML/cmm/m/it on input line 84.
LaTeX Font Info:    ... okay on input line 84.
LaTeX Font Info:    Checking defaults for T1/cmr/m/n on input line 84.
LaTeX Font Info:    ... okay on input line 84.
LaTeX Font Info:    Checking defaults for OT1/cmr/m/n on input line 84.
LaTeX Font Info:    ... okay on input line 84.
LaTeX Font Info:    Checking defaults for OMS/cmsy/m/n on input line 84.
LaTeX Font Info:    ... okay on input line 84.
LaTeX Font Info:    Checking defaults for OMX/cmex/m/n on input line 84.
LaTeX Font Info:    ... okay on input line 84.
LaTeX Font Info:    Checking defaults for U/cmr/m/n on input line 84.
LaTeX Font Info:    ... okay on input line 84.
LaTeX Font Info:    Checking defaults for PD1/pdf/m/n on input line 84.
LaTeX Font Info:    ... okay on input line 84.
LaTeX Font Info:    Checking defaults for TS1/cmr/m/n on input line 84.
LaTeX Font Info:    Try loading font information for TS1+cmr on input line 84.
(/usr/local/texlive/2014/texmf-dist/tex/latex/base/ts1cmr.fd
File: ts1cmr.fd 2014/09/29 v2.5h Standard LaTeX font definitions
)
LaTeX Font Info:    ... okay on input line 84.

(/usr/local/texlive/2014/texmf-dist/tex/context/base/supp-pdf.mkii
[Loading MPS to PDF converter (version 2006.09.02).]
\scratchcounter=\count119
\scratchdimen=\dimen135
\scratchbox=\box35
\nofMPsegments=\count120
\nofMParguments=\count121
\everyMPshowfont=\toks36
\MPscratchCnt=\count122
\MPscratchDim=\dimen136
\MPnumerator=\count123
\makeMPintoPDFobject=\count124
\everyMPtoPDFconversion=\toks37
)
\AtBeginShipoutBox=\box36
Package hyperref Info: Link coloring OFF on input line 84.
LaTeX Info: Redefining \ref on input line 84.
LaTeX Info: Redefining \pageref on input line 84.
LaTeX Info: Redefining \nameref on input line 84.
 (./RR-8934.out) (./RR-8934.out)
\@outlinefile=\write3
\openout3 = `RR-8934.out'.


(/usr/local/texlive/2014/texmf-dist/tex/latex/oberdiek/epstopdf-base.sty
Package: epstopdf-base 2010/02/09 v2.5 Base part for package epstopdf

(/usr/local/texlive/2014/texmf-dist/tex/latex/oberdiek/grfext.sty
Package: grfext 2010/08/19 v1.1 Manage graphics extensions (HO)
)
Package grfext Info: Graphics extension search list:
(grfext)             [.png,.pdf,.jpg,.mps,.jpeg,.jbig2,.jb2,.PNG,.PDF,.JPG,.JPE
G,.JBIG2,.JB2,.eps]
(grfext)             \AppendGraphicsExtensions on input line 452.

(/usr/local/texlive/2014/texmf-dist/tex/latex/latexconfig/epstopdf-sys.cfg
File: epstopdf-sys.cfg 2010/07/13 v1.3 Configuration of (r)epstopdf for TeX Liv
e
))
*geometry* driver: auto-detecting
*geometry* detected driver: pdftex
*geometry* verbose mode - [ preamble ] result:
* driver: pdftex
* paper: a4paper
* layout: <same size as paper>
* layoutoffset:(h,v)=(0.0pt,0.0pt)
* modes: twoside 
* h-part:(L,W,R)=(71.70166pt, 418.25368pt, 107.55254pt)
* v-part:(T,H,B)=(101.40665pt, 591.5302pt, 152.11pt)
* \paperwidth=597.50787pt
* \paperheight=845.04684pt
* \textwidth=424.58624pt
* \textheight=646.0pt
* \oddsidemargin=18.06749pt
* \evensidemargin=18.06749pt
* \topmargin=0.0pt
* \headheight=28.45274pt
* \headsep=28.45274pt
* \topskip=10.0pt
* \footskip=30.0pt
* \marginparwidth=54.2025pt
* \marginparsep=11.0pt
* \columnsep=10.0pt
* \skip\footins=9.0pt plus 4.0pt minus 2.0pt
* \hoffset=0.0pt
* \voffset=0.0pt
* \mag=1000
* \@twocolumnfalse
* \@twosidetrue
* \@mparswitchtrue
* \@reversemarginfalse
* (1in=72.27pt=25.4mm, 1cm=28.453pt)

<rrpage1.png, id=132, 614.0541pt x 794.7291pt>
File: rrpage1.png Graphic file (type png)
 <use rrpage1.png>
Package pdftex.def Info: rrpage1.png used on input line 87.
(pdftex.def)             Requested size: 614.05258pt x 794.72716pt.

<logo-inria.png, id=133, 472.164pt x 170.0754pt>
File: logo-inria.png Graphic file (type png)
 <use logo-inria.png>
Package pdftex.def Info: logo-inria.png used on input line 87.
(pdftex.def)             Requested size: 142.26378pt x 51.24359pt.
LaTeX Font Info:    Try loading font information for T1+phv on input line 87.

(/usr/local/texlive/2014/texmf-dist/tex/latex/psnfss/t1phv.fd
File: t1phv.fd 2001/06/04 scalable font definitions for T1/phv.
)
LaTeX Font Info:    Try loading font information for T1+ptm on input line 87.

(/usr/local/texlive/2014/texmf-dist/tex/latex/psnfss/t1ptm.fd
File: t1ptm.fd 2001/06/04 font definitions for T1/ptm.
)
LaTeX Font Info:    Try loading font information for TS1+ptm on input line 87.

(/usr/local/texlive/2014/texmf-dist/tex/latex/psnfss/ts1ptm.fd
File: ts1ptm.fd 2001/06/04 font definitions for TS1/ptm.
) [0{/usr/local/texlive/2014/texmf-var/fonts/map/pdftex/updmap/pdftex.map}

 <./rrpage1.png> <./logo-inria.png>]pdfTeX warning (ext4): destination with the
 same identifier (name{page.0}) has been already used, duplicate ignored
<to be read again> 
                   \relax 
l.87 \makeRR
             [0] <pagei.png, id=145, 613.93365pt x 794.60864pt>
File: pagei.png Graphic file (type png)

<use pagei.png>
Package pdftex.def Info: pagei.png used on input line 87.
(pdftex.def)             Requested size: 613.93216pt x 794.60669pt.
File: logo-inria.png Graphic file (type png)
 <use logo-inria.png>
Package pdftex.def Info: logo-inria.png used on input line 87.
(pdftex.def)             Requested size: 142.26378pt x 51.24359pt.
LaTeX Font Info:    Try loading font information for U+msa on input line 87.

(/usr/local/texlive/2014/texmf-dist/tex/latex/amsfonts/umsa.fd
File: umsa.fd 2013/01/14 v3.01 AMS symbols A
)
LaTeX Font Info:    Try loading font information for U+msb on input line 87.

(/usr/local/texlive/2014/texmf-dist/tex/latex/amsfonts/umsb.fd
File: umsb.fd 2013/01/14 v3.01 AMS symbols B
)
LaTeX Font Info:    Try loading font information for T1+cmtt on input line 87.

(/usr/local/texlive/2014/texmf-dist/tex/latex/base/t1cmtt.fd
File: t1cmtt.fd 2014/09/29 v2.5h Standard LaTeX font definitions
)
Overfull \hbox (15.43562pt too wide) in paragraph at lines 87--87
$[]$ 
 []

[1 <./pagei.png>] [2] (./RR-8934.toc)
\tf@toc=\write4
\openout4 = `RR-8934.toc'.

 [3

] (./lax_milgram.tex
LaTeX Font Info:    Try loading font information for T1+cmss on input line 36.

(/usr/local/texlive/2014/texmf-dist/tex/latex/base/t1cmss.fd
File: t1cmss.fd 2014/09/29 v2.5h Standard LaTeX font definitions
) [4

] [5]
Package color Info: Redefining color shadethmcolor on input line 175.
Package color Info: Redefining color shaderulecolor on input line 175.
Package hyperref Info: bookmark level for unknown laxmilgramthm defaults to 0 o
n input line 175.
 [6]
Package color Info: Redefining color shadethmcolor on input line 277.
Package color Info: Redefining color shaderulecolor on input line 277.
Package hyperref Info: bookmark level for unknown remark defaults to 0 on input
 line 277.
Package color Info: Redefining color shadethmcolor on input line 286.
Package color Info: Redefining color shaderulecolor on input line 286.
Package hyperref Info: bookmark level for unknown definition defaults to 0 on i
nput line 286.
Package color Info: Redefining color shadethmcolor on input line 305.
Package color Info: Redefining color shaderulecolor on input line 305.
Package hyperref Info: bookmark level for unknown lemma defaults to 0 on input 
line 305.

[7

]
Package color Info: Redefining color shadethmcolor on input line 358.
Package color Info: Redefining color shaderulecolor on input line 358.
Package color Info: Redefining color shadethmcolor on input line 418.
Package color Info: Redefining color shaderulecolor on input line 418.
 [8]
Package color Info: Redefining color shadethmcolor on input line 482.
Package color Info: Redefining color shaderulecolor on input line 482.
Package color Info: Redefining color shadethmcolor on input line 485.
Package color Info: Redefining color shaderulecolor on input line 485.
Package color Info: Redefining color shadethmcolor on input line 494.
Package color Info: Redefining color shaderulecolor on input line 494.
Package color Info: Redefining color shadethmcolor on input line 531.
Package color Info: Redefining color shaderulecolor on input line 531.
Package color Info: Redefining color shadethmcolor on input line 550.
Package color Info: Redefining color shaderulecolor on input line 550.
Package color Info: Redefining color shadethmcolor on input line 585.
Package color Info: Redefining color shaderulecolor on input line 585.
 [9]
Package color Info: Redefining color shadethmcolor on input line 645.
Package color Info: Redefining color shaderulecolor on input line 645.
Package color Info: Redefining color shadethmcolor on input line 669.
Package color Info: Redefining color shaderulecolor on input line 669.
Package color Info: Redefining color shadethmcolor on input line 715.
Package color Info: Redefining color shaderulecolor on input line 715.
Package color Info: Redefining color shadethmcolor on input line 724.
Package color Info: Redefining color shaderulecolor on input line 724.
Package color Info: Redefining color shadethmcolor on input line 762.
Package color Info: Redefining color shaderulecolor on input line 762.
 [10]
Package color Info: Redefining color shadethmcolor on input line 782.
Package color Info: Redefining color shaderulecolor on input line 782.
Package color Info: Redefining color shadethmcolor on input line 788.
Package color Info: Redefining color shaderulecolor on input line 788.
Package color Info: Redefining color shadethmcolor on input line 858.
Package color Info: Redefining color shaderulecolor on input line 858.
Package color Info: Redefining color shadethmcolor on input line 884.
Package color Info: Redefining color shaderulecolor on input line 884.
Package color Info: Redefining color shadethmcolor on input line 897.
Package color Info: Redefining color shaderulecolor on input line 897.
Package color Info: Redefining color shadethmcolor on input line 925.
Package color Info: Redefining color shaderulecolor on input line 925.
Package color Info: Redefining color shadethmcolor on input line 932.
Package color Info: Redefining color shaderulecolor on input line 932.
 [11]
Package color Info: Redefining color shadethmcolor on input line 951.
Package color Info: Redefining color shaderulecolor on input line 951.
Package color Info: Redefining color shadethmcolor on input line 972.
Package color Info: Redefining color shaderulecolor on input line 972.
Package color Info: Redefining color shadethmcolor on input line 1006.
Package color Info: Redefining color shaderulecolor on input line 1006.
Package color Info: Redefining color shadethmcolor on input line 1021.
Package color Info: Redefining color shaderulecolor on input line 1021.
Package color Info: Redefining color shadethmcolor on input line 1044.
Package color Info: Redefining color shaderulecolor on input line 1044.
Package color Info: Redefining color shadethmcolor on input line 1085.
Package color Info: Redefining color shaderulecolor on input line 1085.
 [12]
Package color Info: Redefining color shadethmcolor on input line 1145.
Package color Info: Redefining color shaderulecolor on input line 1145.
Package color Info: Redefining color shadethmcolor on input line 1196.
Package color Info: Redefining color shaderulecolor on input line 1196.
Package color Info: Redefining color shadethmcolor on input line 1234.
Package color Info: Redefining color shaderulecolor on input line 1234.
Package color Info: Redefining color shadethmcolor on input line 1248.
Package color Info: Redefining color shaderulecolor on input line 1248.
Package color Info: Redefining color shadethmcolor on input line 1321.
Package color Info: Redefining color shaderulecolor on input line 1321.
 [13]
Package color Info: Redefining color shadethmcolor on input line 1335.
Package color Info: Redefining color shaderulecolor on input line 1335.
Package color Info: Redefining color shadethmcolor on input line 1383.
Package color Info: Redefining color shaderulecolor on input line 1383.
Package color Info: Redefining color shadethmcolor on input line 1419.
Package color Info: Redefining color shaderulecolor on input line 1419.
Package color Info: Redefining color shadethmcolor on input line 1426.
Package color Info: Redefining color shaderulecolor on input line 1426.
Package color Info: Redefining color shadethmcolor on input line 1434.
Package color Info: Redefining color shaderulecolor on input line 1434.
Package color Info: Redefining color shadethmcolor on input line 1529.
Package color Info: Redefining color shaderulecolor on input line 1529.
 [14]
Package color Info: Redefining color shadethmcolor on input line 1535.
Package color Info: Redefining color shaderulecolor on input line 1535.
Package color Info: Redefining color shadethmcolor on input line 1547.
Package color Info: Redefining color shaderulecolor on input line 1547.
Package color Info: Redefining color shadethmcolor on input line 1564.
Package color Info: Redefining color shaderulecolor on input line 1564.
Package color Info: Redefining color shadethmcolor on input line 1572.
Package color Info: Redefining color shaderulecolor on input line 1572.
Package color Info: Redefining color shadethmcolor on input line 1623.
Package color Info: Redefining color shaderulecolor on input line 1623.
Package color Info: Redefining color shadethmcolor on input line 1639.
Package color Info: Redefining color shaderulecolor on input line 1639.
Package color Info: Redefining color shadethmcolor on input line 1653.
Package color Info: Redefining color shaderulecolor on input line 1653.
Package hyperref Info: bookmark level for unknown theorem defaults to 0 on inpu
t line 1653.
 [15]
Package color Info: Redefining color shadethmcolor on input line 1703.
Package color Info: Redefining color shaderulecolor on input line 1703.
Package color Info: Redefining color shadethmcolor on input line 1712.
Package color Info: Redefining color shaderulecolor on input line 1712.
Package color Info: Redefining color shadethmcolor on input line 1726.
Package color Info: Redefining color shaderulecolor on input line 1726.
Package color Info: Redefining color shadethmcolor on input line 1741.
Package color Info: Redefining color shaderulecolor on input line 1741.
Package color Info: Redefining color shadethmcolor on input line 1791.
Package color Info: Redefining color shaderulecolor on input line 1791.
Package color Info: Redefining color shadethmcolor on input line 1806.
Package color Info: Redefining color shaderulecolor on input line 1806.
 [16]
Package color Info: Redefining color shadethmcolor on input line 1847.
Package color Info: Redefining color shaderulecolor on input line 1847.
Package color Info: Redefining color shadethmcolor on input line 1892.
Package color Info: Redefining color shaderulecolor on input line 1892.

Overfull \hbox (3.19337pt too wide) in paragraph at lines 1943--1947
\T1/cmr/m/n/10 Hence, from Def-i-ni-tion []26[] ([]\T1/cmr/m/it/10 con-ver-gent
 se-quence[]\T1/cmr/m/n/10 ), the se-quence $\OT1/cmr/m/n/10 (\OML/cmm/m/it/10 
x[]\OT1/cmr/m/n/10 )[]$ \T1/cmr/m/n/10 is con-ver-gent with limit $\OML/cmm/m/i
t/10 f\OT1/cmr/m/n/10 (\OML/cmm/m/it/10 a\OT1/cmr/m/n/10 )$\T1/cmr/m/n/10 . 
 []

Package color Info: Redefining color shadethmcolor on input line 1953.
Package color Info: Redefining color shaderulecolor on input line 1953.
[17]
Package color Info: Redefining color shadethmcolor on input line 2065.
Package color Info: Redefining color shaderulecolor on input line 2065.
 [18]
Package color Info: Redefining color shadethmcolor on input line 2076.
Package color Info: Redefining color shaderulecolor on input line 2076.
Package color Info: Redefining color shadethmcolor on input line 2108.
Package color Info: Redefining color shaderulecolor on input line 2108.
Package color Info: Redefining color shadethmcolor on input line 2112.
Package color Info: Redefining color shaderulecolor on input line 2112.
Package color Info: Redefining color shadethmcolor on input line 2116.
Package color Info: Redefining color shaderulecolor on input line 2116.
Package color Info: Redefining color shadethmcolor on input line 2123.
Package color Info: Redefining color shaderulecolor on input line 2123.
Package color Info: Redefining color shadethmcolor on input line 2142.
Package color Info: Redefining color shaderulecolor on input line 2142.
Package color Info: Redefining color shadethmcolor on input line 2148.
Package color Info: Redefining color shaderulecolor on input line 2148.
Package color Info: Redefining color shadethmcolor on input line 2160.
Package color Info: Redefining color shaderulecolor on input line 2160.
Package color Info: Redefining color shadethmcolor on input line 2193.
Package color Info: Redefining color shaderulecolor on input line 2193.
Package color Info: Redefining color shadethmcolor on input line 2199.
Package color Info: Redefining color shaderulecolor on input line 2199.
Package color Info: Redefining color shadethmcolor on input line 2207.
Package color Info: Redefining color shaderulecolor on input line 2207.
 [19]
Package color Info: Redefining color shadethmcolor on input line 2236.
Package color Info: Redefining color shaderulecolor on input line 2236.
Package color Info: Redefining color shadethmcolor on input line 2268.
Package color Info: Redefining color shaderulecolor on input line 2268.
Package color Info: Redefining color shadethmcolor on input line 2279.
Package color Info: Redefining color shaderulecolor on input line 2279.
Package color Info: Redefining color shadethmcolor on input line 2291.
Package color Info: Redefining color shaderulecolor on input line 2291.
Package color Info: Redefining color shadethmcolor on input line 2317.
Package color Info: Redefining color shaderulecolor on input line 2317.
Package color Info: Redefining color shadethmcolor on input line 2362.
Package color Info: Redefining color shaderulecolor on input line 2362.
 [20]
Package color Info: Redefining color shadethmcolor on input line 2374.
Package color Info: Redefining color shaderulecolor on input line 2374.
Package color Info: Redefining color shadethmcolor on input line 2378.
Package color Info: Redefining color shaderulecolor on input line 2378.
Package color Info: Redefining color shadethmcolor on input line 2382.
Package color Info: Redefining color shaderulecolor on input line 2382.
Package color Info: Redefining color shadethmcolor on input line 2397.
Package color Info: Redefining color shaderulecolor on input line 2397.
Package color Info: Redefining color shadethmcolor on input line 2449.
Package color Info: Redefining color shaderulecolor on input line 2449.
Package color Info: Redefining color shadethmcolor on input line 2494.
Package color Info: Redefining color shaderulecolor on input line 2494.
 [21]
Package color Info: Redefining color shadethmcolor on input line 2542.
Package color Info: Redefining color shaderulecolor on input line 2542.
Package color Info: Redefining color shadethmcolor on input line 2625.
Package color Info: Redefining color shaderulecolor on input line 2625.
Package color Info: Redefining color shadethmcolor on input line 2644.
Package color Info: Redefining color shaderulecolor on input line 2644.
Package color Info: Redefining color shadethmcolor on input line 2659.
Package color Info: Redefining color shaderulecolor on input line 2659.
Package color Info: Redefining color shadethmcolor on input line 2732.
Package color Info: Redefining color shaderulecolor on input line 2732.
 [22]
Package color Info: Redefining color shadethmcolor on input line 2789.
Package color Info: Redefining color shaderulecolor on input line 2789.
Package color Info: Redefining color shadethmcolor on input line 2806.
Package color Info: Redefining color shaderulecolor on input line 2806.
Package color Info: Redefining color shadethmcolor on input line 2831.
Package color Info: Redefining color shaderulecolor on input line 2831.
Package color Info: Redefining color shadethmcolor on input line 2853.
Package color Info: Redefining color shaderulecolor on input line 2853.
Package color Info: Redefining color shadethmcolor on input line 2857.
Package color Info: Redefining color shaderulecolor on input line 2857.
Package color Info: Redefining color shadethmcolor on input line 2887.
Package color Info: Redefining color shaderulecolor on input line 2887.
Package color Info: Redefining color shadethmcolor on input line 2904.
Package color Info: Redefining color shaderulecolor on input line 2904.
 [23]
Package color Info: Redefining color shadethmcolor on input line 2968.
Package color Info: Redefining color shaderulecolor on input line 2968.
Package color Info: Redefining color shadethmcolor on input line 3002.
Package color Info: Redefining color shaderulecolor on input line 3002.
Package color Info: Redefining color shadethmcolor on input line 3014.
Package color Info: Redefining color shaderulecolor on input line 3014.
Package color Info: Redefining color shadethmcolor on input line 3094.
Package color Info: Redefining color shaderulecolor on input line 3094.
 [24]
Package color Info: Redefining color shadethmcolor on input line 3166.
Package color Info: Redefining color shaderulecolor on input line 3166.
Package color Info: Redefining color shadethmcolor on input line 3211.
Package color Info: Redefining color shaderulecolor on input line 3211.
Package color Info: Redefining color shadethmcolor on input line 3223.
Package color Info: Redefining color shaderulecolor on input line 3223.
Package color Info: Redefining color shadethmcolor on input line 3258.
Package color Info: Redefining color shaderulecolor on input line 3258.
Package color Info: Redefining color shadethmcolor on input line 3297.
Package color Info: Redefining color shaderulecolor on input line 3297.
Package color Info: Redefining color shadethmcolor on input line 3378.
Package color Info: Redefining color shaderulecolor on input line 3378.
 [25]
Package color Info: Redefining color shadethmcolor on input line 3397.
Package color Info: Redefining color shaderulecolor on input line 3397.
Package color Info: Redefining color shadethmcolor on input line 3404.
Package color Info: Redefining color shaderulecolor on input line 3404.
Package color Info: Redefining color shadethmcolor on input line 3428.
Package color Info: Redefining color shaderulecolor on input line 3428.
Package color Info: Redefining color shadethmcolor on input line 3442.
Package color Info: Redefining color shaderulecolor on input line 3442.
Package color Info: Redefining color shadethmcolor on input line 3469.
Package color Info: Redefining color shaderulecolor on input line 3469.
Package color Info: Redefining color shadethmcolor on input line 3496.
Package color Info: Redefining color shaderulecolor on input line 3496.
Package color Info: Redefining color shadethmcolor on input line 3517.
Package color Info: Redefining color shaderulecolor on input line 3517.
Package color Info: Redefining color shadethmcolor on input line 3529.
Package color Info: Redefining color shaderulecolor on input line 3529.
Package color Info: Redefining color shadethmcolor on input line 3532.
Package color Info: Redefining color shaderulecolor on input line 3532.
 [26]
Package color Info: Redefining color shadethmcolor on input line 3557.
Package color Info: Redefining color shaderulecolor on input line 3557.
Package color Info: Redefining color shadethmcolor on input line 3640.
Package color Info: Redefining color shaderulecolor on input line 3640.
Package color Info: Redefining color shadethmcolor on input line 3648.
Package color Info: Redefining color shaderulecolor on input line 3648.
Package color Info: Redefining color shadethmcolor on input line 3690.
Package color Info: Redefining color shaderulecolor on input line 3690.
Package color Info: Redefining color shadethmcolor on input line 3698.
Package color Info: Redefining color shaderulecolor on input line 3698.
 [27]
Package color Info: Redefining color shadethmcolor on input line 3713.
Package color Info: Redefining color shaderulecolor on input line 3713.
Package color Info: Redefining color shadethmcolor on input line 3765.
Package color Info: Redefining color shaderulecolor on input line 3765.
Package color Info: Redefining color shadethmcolor on input line 3799.
Package color Info: Redefining color shaderulecolor on input line 3799.
Package color Info: Redefining color shadethmcolor on input line 3814.
Package color Info: Redefining color shaderulecolor on input line 3814.
Package color Info: Redefining color shadethmcolor on input line 3828.
Package color Info: Redefining color shaderulecolor on input line 3828.
Package color Info: Redefining color shadethmcolor on input line 3841.
Package color Info: Redefining color shaderulecolor on input line 3841.
 [28]
Package color Info: Redefining color shadethmcolor on input line 3854.
Package color Info: Redefining color shaderulecolor on input line 3854.
Package color Info: Redefining color shadethmcolor on input line 3867.
Package color Info: Redefining color shaderulecolor on input line 3867.
Package color Info: Redefining color shadethmcolor on input line 3880.
Package color Info: Redefining color shaderulecolor on input line 3880.
Package color Info: Redefining color shadethmcolor on input line 3885.
Package color Info: Redefining color shaderulecolor on input line 3885.
Package color Info: Redefining color shadethmcolor on input line 3890.
Package color Info: Redefining color shaderulecolor on input line 3890.
Package color Info: Redefining color shadethmcolor on input line 3964.
Package color Info: Redefining color shaderulecolor on input line 3964.
 [29]
Package color Info: Redefining color shadethmcolor on input line 4008.
Package color Info: Redefining color shaderulecolor on input line 4008.
Package color Info: Redefining color shadethmcolor on input line 4072.
Package color Info: Redefining color shaderulecolor on input line 4072.
Package color Info: Redefining color shadethmcolor on input line 4079.
Package color Info: Redefining color shaderulecolor on input line 4079.
Package color Info: Redefining color shadethmcolor on input line 4088.
Package color Info: Redefining color shaderulecolor on input line 4088.
 [30]
Package color Info: Redefining color shadethmcolor on input line 4101.
Package color Info: Redefining color shaderulecolor on input line 4101.
Package color Info: Redefining color shadethmcolor on input line 4143.
Package color Info: Redefining color shaderulecolor on input line 4143.
Package color Info: Redefining color shadethmcolor on input line 4289.
Package color Info: Redefining color shaderulecolor on input line 4289.
 [31]
Package color Info: Redefining color shadethmcolor on input line 4306.
Package color Info: Redefining color shaderulecolor on input line 4306.
Package color Info: Redefining color shadethmcolor on input line 4310.
Package color Info: Redefining color shaderulecolor on input line 4310.
Package color Info: Redefining color shadethmcolor on input line 4328.
Package color Info: Redefining color shaderulecolor on input line 4328.
Package color Info: Redefining color shadethmcolor on input line 4349.
Package color Info: Redefining color shaderulecolor on input line 4349.
Package color Info: Redefining color shadethmcolor on input line 4362.
Package color Info: Redefining color shaderulecolor on input line 4362.
Package color Info: Redefining color shadethmcolor on input line 4377.
Package color Info: Redefining color shaderulecolor on input line 4377.
Package color Info: Redefining color shadethmcolor on input line 4392.
Package color Info: Redefining color shaderulecolor on input line 4392.

Underfull \vbox (badness 4569) has occurred while \output is active []

 [32]
[33]
Package color Info: Redefining color shadethmcolor on input line 4577.
Package color Info: Redefining color shaderulecolor on input line 4577.
Package color Info: Redefining color shadethmcolor on input line 4584.
Package color Info: Redefining color shaderulecolor on input line 4584.
Package color Info: Redefining color shadethmcolor on input line 4627.
Package color Info: Redefining color shaderulecolor on input line 4627.
Package color Info: Redefining color shadethmcolor on input line 4647.
Package color Info: Redefining color shaderulecolor on input line 4647.
Package color Info: Redefining color shadethmcolor on input line 4660.
Package color Info: Redefining color shaderulecolor on input line 4660.
 [34]
Package color Info: Redefining color shadethmcolor on input line 4772.
Package color Info: Redefining color shaderulecolor on input line 4772.
 [35]
Package color Info: Redefining color shadethmcolor on input line 4825.
Package color Info: Redefining color shaderulecolor on input line 4825.
Package color Info: Redefining color shadethmcolor on input line 4839.
Package color Info: Redefining color shaderulecolor on input line 4839.
Package color Info: Redefining color shadethmcolor on input line 4897.
Package color Info: Redefining color shaderulecolor on input line 4897.
 [36]
Package color Info: Redefining color shadethmcolor on input line 5041.
Package color Info: Redefining color shaderulecolor on input line 5041.
Package color Info: Redefining color shadethmcolor on input line 5048.
Package color Info: Redefining color shaderulecolor on input line 5048.
Package color Info: Redefining color shadethmcolor on input line 5056.
Package color Info: Redefining color shaderulecolor on input line 5056.
Package color Info: Redefining color shadethmcolor on input line 5073.
Package color Info: Redefining color shaderulecolor on input line 5073.
 [37]
Package color Info: Redefining color shadethmcolor on input line 5084.
Package color Info: Redefining color shaderulecolor on input line 5084.
Package color Info: Redefining color shadethmcolor on input line 5133.
Package color Info: Redefining color shaderulecolor on input line 5133.
Package color Info: Redefining color shadethmcolor on input line 5146.
Package color Info: Redefining color shaderulecolor on input line 5146.
 [38]
Package color Info: Redefining color shadethmcolor on input line 5295.
Package color Info: Redefining color shaderulecolor on input line 5295.
Package color Info: Redefining color shadethmcolor on input line 5308.
Package color Info: Redefining color shaderulecolor on input line 5308.
 [39]
Package color Info: Redefining color shadethmcolor on input line 5341.
Package color Info: Redefining color shaderulecolor on input line 5341.
Package color Info: Redefining color shadethmcolor on input line 5358.
Package color Info: Redefining color shaderulecolor on input line 5358.
Package color Info: Redefining color shadethmcolor on input line 5365.
Package color Info: Redefining color shaderulecolor on input line 5365.
Package color Info: Redefining color shadethmcolor on input line 5372.
Package color Info: Redefining color shaderulecolor on input line 5372.
Package color Info: Redefining color shadethmcolor on input line 5379.
Package color Info: Redefining color shaderulecolor on input line 5379.
Package color Info: Redefining color shadethmcolor on input line 5386.
Package color Info: Redefining color shaderulecolor on input line 5386.
Package color Info: Redefining color shadethmcolor on input line 5403.
Package color Info: Redefining color shaderulecolor on input line 5403.
Package color Info: Redefining color shadethmcolor on input line 5433.
Package color Info: Redefining color shaderulecolor on input line 5433.
 [40]
Package color Info: Redefining color shadethmcolor on input line 5459.
Package color Info: Redefining color shaderulecolor on input line 5459.
Package color Info: Redefining color shadethmcolor on input line 5487.
Package color Info: Redefining color shaderulecolor on input line 5487.

Overfull \hbox (1.30429pt too wide) in alignment at lines 5506--5511
 [][][] []
 []

Package color Info: Redefining color shadethmcolor on input line 5514.
Package color Info: Redefining color shaderulecolor on input line 5514.
Package color Info: Redefining color shadethmcolor on input line 5558.
Package color Info: Redefining color shaderulecolor on input line 5558.
Package color Info: Redefining color shadethmcolor on input line 5571.
Package color Info: Redefining color shaderulecolor on input line 5571.
[41]
Package color Info: Redefining color shadethmcolor on input line 5576.
Package color Info: Redefining color shaderulecolor on input line 5576.
Package color Info: Redefining color shadethmcolor on input line 5594.
Package color Info: Redefining color shaderulecolor on input line 5594.
Package color Info: Redefining color shadethmcolor on input line 5614.
Package color Info: Redefining color shaderulecolor on input line 5614.
Package color Info: Redefining color shadethmcolor on input line 5652.
Package color Info: Redefining color shaderulecolor on input line 5652.
 [42]
Package color Info: Redefining color shadethmcolor on input line 5699.
Package color Info: Redefining color shaderulecolor on input line 5699.
Package color Info: Redefining color shadethmcolor on input line 5705.
Package color Info: Redefining color shaderulecolor on input line 5705.
Package color Info: Redefining color shadethmcolor on input line 5718.
Package color Info: Redefining color shaderulecolor on input line 5718.
 [43]
Package color Info: Redefining color shadethmcolor on input line 5937.
Package color Info: Redefining color shaderulecolor on input line 5937.
 [44]
Package color Info: Redefining color shadethmcolor on input line 6049.
Package color Info: Redefining color shaderulecolor on input line 6049.
Package color Info: Redefining color shadethmcolor on input line 6067.
Package color Info: Redefining color shaderulecolor on input line 6067.
Package color Info: Redefining color shadethmcolor on input line 6090.
Package color Info: Redefining color shaderulecolor on input line 6090.
Package color Info: Redefining color shadethmcolor on input line 6118.
Package color Info: Redefining color shaderulecolor on input line 6118.
 [45]
Package color Info: Redefining color shadethmcolor on input line 6195.
Package color Info: Redefining color shaderulecolor on input line 6195.
 [46]
Package color Info: Redefining color shadethmcolor on input line 6274.
Package color Info: Redefining color shaderulecolor on input line 6274.
Package color Info: Redefining color shadethmcolor on input line 6286.
Package color Info: Redefining color shaderulecolor on input line 6286.
Package color Info: Redefining color shadethmcolor on input line 6321.
Package color Info: Redefining color shaderulecolor on input line 6321.
Package color Info: Redefining color shadethmcolor on input line 6360.
Package color Info: Redefining color shaderulecolor on input line 6360.
Package color Info: Redefining color shadethmcolor on input line 6386.
Package color Info: Redefining color shaderulecolor on input line 6386.
 [47]
Package color Info: Redefining color shadethmcolor on input line 6492.
Package color Info: Redefining color shaderulecolor on input line 6492.
 [48]
Package color Info: Redefining color shadethmcolor on input line 6549.
Package color Info: Redefining color shaderulecolor on input line 6549.

Overfull \hbox (4.97267pt too wide) in paragraph at lines 6564--6573
[]\T1/cmr/m/n/10 From Lemma []186[] ([]\T1/cmr/m/it/10 or-thog-o-nal pro-jec-ti
on is con-tin-u-ous lin-ear map[]\T1/cmr/m/n/10 , |   []   |   []   |   []   | 
  []   |   []   |   []),
 []

Package color Info: Redefining color shadethmcolor on input line 6620.
Package color Info: Redefining color shaderulecolor on input line 6620.
Package color Info: Redefining color shadethmcolor on input line 6632.
Package color Info: Redefining color shaderulecolor on input line 6632.
[49]
Package color Info: Redefining color shadethmcolor on input line 6649.
Package color Info: Redefining color shaderulecolor on input line 6649.
 [50]
Overfull \hbox (2.97089pt too wide) in paragraph at lines 6796--6803
\T1/cmr/m/n/10 and Lemma []78[] ([]\T1/cmr/m/it/10 closed un-der vec-tor op-er-
a-tions is sub-space[]\T1/cmr/m/n/10 , |   []   |   []   |   []   |   []   |   
[]   |   []),
 []

[51] [52]
Package color Info: Redefining color shadethmcolor on input line 7038.
Package color Info: Redefining color shaderulecolor on input line 7038.
Package color Info: Redefining color shadethmcolor on input line 7084.
Package color Info: Redefining color shaderulecolor on input line 7084.
 [53] [54]
Overfull \hbox (43.68219pt too wide) in paragraph at lines 7287--7304
\T1/cmr/m/it/10 Milgram[]\T1/cmr/m/n/10 , |   []   |   []   |   []   |   []), a
nd Def-i-ni-tion []48[] ([]\T1/cmr/m/it/10 con-trac-tion[]\T1/cmr/m/n/10 , |   
[]   |   []),
 []

Package color Info: Redefining color shadethmcolor on input line 7344.
Package color Info: Redefining color shaderulecolor on input line 7344.
Package color Info: Redefining color shadethmcolor on input line 7380.
Package color Info: Redefining color shaderulecolor on input line 7380.
Package color Info: Redefining color shadethmcolor on input line 7403.
Package color Info: Redefining color shaderulecolor on input line 7403.
[55]
Package color Info: Redefining color shadethmcolor on input line 7474.
Package color Info: Redefining color shaderulecolor on input line 7474.
 [56]
Package color Info: Redefining color shadethmcolor on input line 7523.
Package color Info: Redefining color shaderulecolor on input line 7523.
) [57] (./RR-8934.bbl) [58

]
showing definition
(./RR-8934.loe [59

])
showing lemma
(./RR-8934.loe [60] [61])
showing theorem
(./RR-8934.loe) [62] <tree1_lm.pdf, id=3060, 8561.9875pt x 1345.025pt>
File: tree1_lm.pdf Graphic file (type pdf)

<use tree1_lm.pdf>
Package pdftex.def Info: tree1_lm.pdf used on input line 126.
(pdftex.def)             Requested size: 646.0pt x 101.4677pt.
 <tree2_lm.pdf, id=3061, 8615.18625pt x 1345.025pt>
File: tree2_lm.pdf Graphic file (type pdf)

<use tree2_lm.pdf>
Package pdftex.def Info: tree2_lm.pdf used on input line 128.
(pdftex.def)             Requested size: 646.0pt x 100.85199pt.
 [63 <./tree1_lm.pdf> <./tree2_lm.pdf

pdfTeX warning: /usr/local/texlive/2014/bin/i386-linux/pdflatex (file ./tree2_l
m.pdf): PDF inclusion: multiple pdfs with page group included in a single page
>] (./tree_lm.tex [64


] [65] [66] [67] [68] [69] [70] [71] [72] [73]
Overfull \hbox (2.10762pt too wide) in paragraph at lines 630--635
[]\T1/cmr/m/n/10 depends di-rectly from: 
 []

[74]
Overfull \hbox (0.91628pt too wide) in paragraph at lines 696--713
[]\T1/cmr/m/n/10 depends di-rectly
 []

[75]
Overfull \hbox (16.74017pt too wide) in paragraph at lines 714--727
[]\T1/cmr/m/n/10 depends di-rectly from: 
 []


Overfull \hbox (0.59967pt too wide) in paragraph at lines 741--749
[]\T1/cmr/m/n/10 depends di-rectly
 []

[76]
Overfull \hbox (4.8903pt too wide) in paragraph at lines 784--797
[]\T1/cmr/m/n/10 depends di-rectly
 []


Overfull \hbox (4.40993pt too wide) in paragraph at lines 806--820
[]\T1/cmr/m/n/10 depends di-rectly from: 
 []

[77] [78] [79]
Overfull \hbox (13.80203pt too wide) in paragraph at lines 934--941
[]\T1/cmr/m/n/10 depends di-rectly from: 
 []

[80] [81

] [82] [83] [84] [85] [86] [87] [88] [89] [90] [91] [92] [93]
Overfull \hbox (0.6913pt too wide) in paragraph at lines 1717--1719
[]\T1/cmr/m/n/10 is a di-rect de-pen-dency
 []

[94]
Overfull \hbox (2.86024pt too wide) in paragraph at lines 1803--1805
[]\T1/cmr/m/n/10 is a di-rect de-pen-
 []

[95]
Overfull \hbox (2.54364pt too wide) in paragraph at lines 1826--1829
[]\T1/cmr/m/n/10 is a di-rect de-pen-
 []


Overfull \hbox (2.9936pt too wide) in paragraph at lines 1860--1862
[]\T1/cmr/m/n/10 is a di-rect de-pen-dency
 []

[96]) [97]
File: pagei.png Graphic file (type png)
 <use pagei.png>
Package pdftex.def Info: pagei.png used on input line 139.
(pdftex.def)             Requested size: 613.93216pt x 794.60669pt.
File: logo-inria.png Graphic file (type png)
 <use logo-inria.png>
Package pdftex.def Info: logo-inria.png used on input line 139.
(pdftex.def)             Requested size: 142.26378pt x 51.24359pt.
pdfTeX warning (ext4): destination with the same identifier (name{page.97}) has
 been already used, duplicate ignored
<to be read again> 
                   \relax 
l.139 \end{document}
                     [97

]
\tf@loe=\write5
\openout5 = `RR-8934.loe'.

Package atveryend Info: Empty hook `BeforeClearDocument' on input line 139.
Package atveryend Info: Empty hook `AfterLastShipout' on input line 139.
 (./RR-8934.aux)
Package atveryend Info: Executing hook `AtVeryEndDocument' on input line 139.
Package atveryend Info: Executing hook `AtEndAfterFileList' on input line 139.
Package rerunfilecheck Info: File `RR-8934.out' has not changed.
(rerunfilecheck)             Checksum: 27C1E8AA8A243BFFF246AF7FB6A578A3;2110.
Package atveryend Info: Empty hook `AtVeryVeryEnd' on input line 139.
 ) 
Here is how much of TeX's memory you used:
 10616 strings out of 493089
 158424 string characters out of 6134848
 271219 words of memory out of 5000000
 13163 multiletter control sequences out of 15000+600000
 41068 words of font info for 80 fonts, out of 8000000 for 9000
 1141 hyphenation exceptions out of 8191
 40i,13n,35p,464b,459s stack positions out of 5000i,500n,10000p,200000b,80000s
pdfTeX warning (dest): name{Hfootnote.2} has been referenced but does not exi
st, replaced by a fixed one

pdfTeX warning (dest): name{Hfootnote.1} has been referenced but does not exist
, replaced by a fixed one

{/usr/local/texlive/2014/texmf-dist/fonts/enc/dvips/cm-super/cm-super-t1.enc}{/
usr/local/texlive/2014/texmf-dist/fonts/enc/dvips/cm-super/cm-super-ts1.enc}{/u
sr/local/texlive/2014/texmf-dist/fonts/enc/dvips/base/8r.enc}</usr/local/texliv
e/2014/texmf-dist/fonts/type1/public/amsfonts/cm/cmbsy10.pfb></usr/local/texliv
e/2014/texmf-dist/fonts/type1/public/amsfonts/cmextra/cmbsy5.pfb></usr/local/te
xlive/2014/texmf-dist/fonts/type1/public/amsfonts/cmextra/cmbsy7.pfb></usr/loca
l/texlive/2014/texmf-dist/fonts/type1/public/amsfonts/cm/cmbx10.pfb></usr/local
/texlive/2014/texmf-dist/fonts/type1/public/amsfonts/cm/cmbx7.pfb></usr/local/t
exlive/2014/texmf-dist/fonts/type1/public/amsfonts/cm/cmex10.pfb></usr/local/te
xlive/2014/texmf-dist/fonts/type1/public/amsfonts/cm/cmmi10.pfb></usr/local/tex
live/2014/texmf-dist/fonts/type1/public/amsfonts/cm/cmmi5.pfb></usr/local/texli
ve/2014/texmf-dist/fonts/type1/public/amsfonts/cm/cmmi7.pfb></usr/local/texlive
/2014/texmf-dist/fonts/type1/public/amsfonts/cm/cmmib10.pfb></usr/local/texlive
/2014/texmf-dist/fonts/type1/public/amsfonts/cmextra/cmmib7.pfb></usr/local/tex
live/2014/texmf-dist/fonts/type1/public/amsfonts/cm/cmr10.pfb></usr/local/texli
ve/2014/texmf-dist/fonts/type1/public/amsfonts/cm/cmr5.pfb></usr/local/texlive/
2014/texmf-dist/fonts/type1/public/amsfonts/cm/cmr7.pfb></usr/local/texlive/201
4/texmf-dist/fonts/type1/public/amsfonts/cm/cmsy10.pfb></usr/local/texlive/2014
/texmf-dist/fonts/type1/public/amsfonts/cm/cmsy5.pfb></usr/local/texlive/2014/t
exmf-dist/fonts/type1/public/amsfonts/cm/cmsy7.pfb></usr/local/texlive/2014/tex
mf-dist/fonts/type1/public/amsfonts/symbols/msbm10.pfb></usr/local/texlive/2014
/texmf-dist/fonts/type1/public/amsfonts/symbols/msbm7.pfb></usr/local/texlive/2
014/texmf-dist/fonts/type1/public/cm-super/sfbi1000.pfb></usr/local/texlive/201
4/texmf-dist/fonts/type1/public/cm-super/sfbx1000.pfb></usr/local/texlive/2014/
texmf-dist/fonts/type1/public/cm-super/sfbx1200.pfb></usr/local/texlive/2014/te
xmf-dist/fonts/type1/public/cm-super/sfbx1440.pfb></usr/local/texlive/2014/texm
f-dist/fonts/type1/public/cm-super/sfrm0600.pfb></usr/local/texlive/2014/texmf-
dist/fonts/type1/public/cm-super/sfrm0700.pfb></usr/local/texlive/2014/texmf-di
st/fonts/type1/public/cm-super/sfrm0800.pfb></usr/local/texlive/2014/texmf-dist
/fonts/type1/public/cm-super/sfrm1000.pfb></usr/local/texlive/2014/texmf-dist/f
onts/type1/public/cm-super/sfrm1200.pfb></usr/local/texlive/2014/texmf-dist/fon
ts/type1/public/cm-super/sfss1000.pfb></usr/local/texlive/2014/texmf-dist/fonts
/type1/public/cm-super/sfti1000.pfb></usr/local/texlive/2014/texmf-dist/fonts/t
ype1/public/cm-super/sftt0800.pfb></usr/local/texlive/2014/texmf-dist/fonts/typ
e1/urw/helvetic/uhvb8a.pfb></usr/local/texlive/2014/texmf-dist/fonts/type1/urw/
helvetic/uhvr8a.pfb></usr/local/texlive/2014/texmf-dist/fonts/type1/urw/times/u
tmb8a.pfb></usr/local/texlive/2014/texmf-dist/fonts/type1/urw/times/utmr8a.pfb>
Output written on RR-8934.pdf (100 pages, 1543715 bytes).
PDF statistics:
 6565 PDF objects out of 7423 (max. 8388607)
 6351 compressed objects within 64 object streams
 676 named destinations out of 1000 (max. 500000)
 282 words of extra memory for PDF output out of 10000 (max. 10000000)

